2024-05-15 00:55:15,386 [INFO] Activator:176 - 


2024-05-15 00:55:15,391 [INFO] Activator:177 - !SESSION log4j initialized
2024-05-15 00:55:21,154 [INFO] LogOutputStream:77 - [STDOUT_REDIRECT] 
2024-05-15 10:46:00,796 [INFO] ApplicationProperties:184 - Using Application install path: C:\ST\STM32CubeIDE_1.14.1\STM32CubeIDE\plugins\com.st.stm32cube.common.mx_6.11.0.202403141607
2024-05-15 10:46:00,825 [INFO] DbMcusXml:78 - Set database path to: C:\ST\STM32CubeIDE_1.14.1\STM32CubeIDE\plugins\com.st.stm32cube.common.mx_6.11.0.202403141607\\db\/mcu/
2024-05-15 10:46:00,825 [INFO] ApiDb:274 - Set plugin database path to: C:\ST\STM32CubeIDE_1.14.1\STM32CubeIDE\plugins\com.st.stm32cube.common.mx_6.11.0.202403141607\\db\/plugins/boardmanager/
2024-05-15 10:46:00,826 [WARN] ApiDb:259 - Overriding images path with different value:  => C:\ST\STM32CubeIDE_1.14.1\STM32CubeIDE\plugins\com.st.stm32cube.common.mx_6.11.0.202403141607\\db\/plugins/mcufinder/images/
2024-05-15 10:46:00,845 [INFO] ApiDb:250 - Set database path to: C:\Users\AAA\.stmcufinder\plugins\mcufinder//mcu/
2024-05-15 10:46:00,847 [INFO] DbMcusAds:125 - Set database path to: C:\Users\AAA\.stmcufinder\plugins\mcufinder//mcu/
2024-05-15 10:46:00,850 [INFO] CrossReferenceDbSqlite:203 - Set database path to: C:\Users\AAA\.stmcufinder\plugins\mcufinder//mcu/cs/
2024-05-15 10:46:01,109 [INFO] RulesReader:64 - Compatibility file has been processed (297 Rules)
2024-05-15 10:46:01,295 [INFO] DbMcusXml:78 - Set database path to: C:\ST\STM32CubeIDE_1.14.1\STM32CubeIDE\plugins\com.st.stm32cube.common.mx_6.11.0.202403141607\\db\/mcu/
2024-05-15 10:46:01,296 [INFO] ApiDb:274 - Set plugin database path to: C:\ST\STM32CubeIDE_1.14.1\STM32CubeIDE\plugins\com.st.stm32cube.common.mx_6.11.0.202403141607\\db\/plugins/boardmanager/
2024-05-15 10:46:01,296 [INFO] ApiDb:261 - Set plugin images path to: C:\ST\STM32CubeIDE_1.14.1\STM32CubeIDE\plugins\com.st.stm32cube.common.mx_6.11.0.202403141607\\db\/plugins/mcufinder/images/
2024-05-15 10:46:01,296 [WARN] DbFile:41 - Overriding database path with different value: C:\Users\AAA\.stmcufinder\plugins\mcufinder/ => C:\Users\AAA\.stmcufinder\plugins\mcufinder
2024-05-15 10:46:01,296 [INFO] ApiDb:250 - Set database path to: C:\Users\AAA\.stmcufinder\plugins\mcufinder//mcu/
2024-05-15 10:46:01,296 [WARN] DbFile:41 - Overriding database path with different value: C:\Users\AAA\.stmcufinder\plugins\mcufinder/ => C:\Users\AAA\.stmcufinder\plugins\mcufinder
2024-05-15 10:46:01,297 [INFO] DbMcusAds:125 - Set database path to: C:\Users\AAA\.stmcufinder\plugins\mcufinder//mcu/
2024-05-15 10:46:01,297 [WARN] DbFile:41 - Overriding database path with different value: C:\Users\AAA\.stmcufinder\plugins\mcufinder/ => C:\Users\AAA\.stmcufinder\plugins\mcufinder
2024-05-15 10:46:01,297 [WARN] DbFile:41 - Overriding database path with different value: C:\Users\AAA\.stmcufinder\plugins\mcufinder/ => C:\Users\AAA\.stmcufinder\plugins\mcufinder
2024-05-15 10:46:01,297 [INFO] CrossReferenceDbSqlite:203 - Set database path to: C:\Users\AAA\.stmcufinder\plugins\mcufinder//mcu/cs/
2024-05-15 10:46:01,452 [INFO] MainPanel:264 - HeapMemory: 268435456
2024-05-15 10:46:01,662 [INFO] DbMcusXml:78 - Set database path to: C:\ST\STM32CubeIDE_1.14.1\STM32CubeIDE\plugins\com.st.stm32cube.common.mx_6.11.0.202403141607\\db\/mcu/
2024-05-15 10:46:01,662 [INFO] ApiDb:274 - Set plugin database path to: C:\ST\STM32CubeIDE_1.14.1\STM32CubeIDE\plugins\com.st.stm32cube.common.mx_6.11.0.202403141607\\db\/plugins/boardmanager/
2024-05-15 10:46:01,663 [INFO] ApiDb:261 - Set plugin images path to: C:\ST\STM32CubeIDE_1.14.1\STM32CubeIDE\plugins\com.st.stm32cube.common.mx_6.11.0.202403141607\\db\/plugins/mcufinder/images/
2024-05-15 10:46:01,663 [WARN] DbFile:41 - Overriding database path with different value: C:\Users\AAA\.stmcufinder\plugins\mcufinder/ => C:\Users\AAA\.stmcufinder\plugins\mcufinder
2024-05-15 10:46:01,663 [INFO] ApiDb:250 - Set database path to: C:\Users\AAA\.stmcufinder\plugins\mcufinder//mcu/
2024-05-15 10:46:01,664 [WARN] DbFile:41 - Overriding database path with different value: C:\Users\AAA\.stmcufinder\plugins\mcufinder/ => C:\Users\AAA\.stmcufinder\plugins\mcufinder
2024-05-15 10:46:01,664 [INFO] DbMcusAds:125 - Set database path to: C:\Users\AAA\.stmcufinder\plugins\mcufinder//mcu/
2024-05-15 10:46:01,664 [WARN] DbFile:41 - Overriding database path with different value: C:\Users\AAA\.stmcufinder\plugins\mcufinder/ => C:\Users\AAA\.stmcufinder\plugins\mcufinder
2024-05-15 10:46:01,664 [WARN] DbFile:41 - Overriding database path with different value: C:\Users\AAA\.stmcufinder\plugins\mcufinder/ => C:\Users\AAA\.stmcufinder\plugins\mcufinder
2024-05-15 10:46:01,664 [INFO] CrossReferenceDbSqlite:203 - Set database path to: C:\Users\AAA\.stmcufinder\plugins\mcufinder//mcu/cs/
2024-05-15 10:46:01,694 [INFO] ApplicationProperties:184 - Using Application install path: C:\ST\STM32CubeIDE_1.14.1\STM32CubeIDE\plugins\com.st.stm32cube.common.mx_6.11.0.202403141607
2024-05-15 10:46:01,697 [INFO] PluginManage:196 - Search for loadable plugins [exclusion list=, ]
2024-05-15 10:46:01,698 [INFO] PluginManage:310 - Check plugin analytics
2024-05-15 10:46:02,156 [INFO] AnalyticsPlugin:253 - Accepted Software Licenses: 
2024-05-15 10:46:02,156 [INFO] AnalyticsPlugin:255 - Accepted CMSIS Pack Licenses: ARM.CMSIS.6.0.0
2024-05-15 10:46:02,156 [INFO] AnalyticsPlugin:257 - Accepted Firmware Licenses: 
2024-05-15 10:46:02,160 [INFO] PluginManage:359 - Loaded plugin analytics (category:tool,tabindex:-1)
2024-05-15 10:46:02,160 [INFO] PluginManage:310 - Check plugin cadmodel
2024-05-15 10:46:02,181 [INFO] CADModel:105 - Init CAD model plugin
2024-05-15 10:46:02,181 [INFO] PluginManage:359 - Loaded plugin cadmodel (category:power,tabindex:5)
2024-05-15 10:46:02,181 [INFO] PluginManage:310 - Check plugin clock
2024-05-15 10:46:02,205 [INFO] PluginManage:359 - Loaded plugin clock (category:base,tabindex:2)
2024-05-15 10:46:02,205 [INFO] PluginManage:310 - Check plugin ddr
2024-05-15 10:46:02,208 [INFO] PluginManage:359 - Loaded plugin ddr (category:tool,tabindex:6)
2024-05-15 10:46:02,208 [INFO] PluginManage:310 - Check plugin filemanager
2024-05-15 10:46:02,410 [INFO] PluginManage:359 - Loaded plugin filemanager (category:base,tabindex:10)
2024-05-15 10:46:02,410 [INFO] PluginManage:310 - Check plugin ipmanager
2024-05-15 10:46:02,421 [INFO] PluginManage:359 - Loaded plugin ipmanager (category:base,tabindex:5)
2024-05-15 10:46:02,422 [INFO] PluginManage:310 - Check plugin lpbam
2024-05-15 10:46:02,446 [INFO] PluginManage:359 - Loaded plugin lpbam (category:base,tabindex:0)
2024-05-15 10:46:02,446 [INFO] PluginManage:310 - Check plugin memorymap
2024-05-15 10:46:02,471 [INFO] PluginManage:359 - Loaded plugin memorymap (category:base,tabindex:4)
2024-05-15 10:46:02,472 [INFO] PluginManage:310 - Check plugin pinoutandconfiguration
2024-05-15 10:46:02,492 [INFO] PluginManage:359 - Loaded plugin pinoutandconfiguration (category:base,tabindex:1)
2024-05-15 10:46:02,492 [INFO] PluginManage:310 - Check plugin pinoutconfig
2024-05-15 10:46:02,666 [WARN] SupportedApi:132 - Cannot load RTOS API schema: s4s-elt-must-match.1: The content of 'definitions' must match (annotation?, (simpleType | complexType)?, (unique | key | keyref)*)). A problem was found starting at: attribute.
2024-05-15 10:46:02,863 [INFO] PluginManage:359 - Loaded plugin pinoutconfig (category:base,tabindex:0)
2024-05-15 10:46:02,864 [INFO] PluginManage:310 - Check plugin power
2024-05-15 10:46:02,897 [INFO] PluginManage:359 - Loaded plugin power (category:power,tabindex:4)
2024-05-15 10:46:02,897 [INFO] PluginManage:310 - Check plugin projectmanager
2024-05-15 10:46:02,927 [INFO] PluginManage:359 - Loaded plugin projectmanager (category:projectmanager,tabindex:3)
2024-05-15 10:46:02,928 [INFO] PluginManage:310 - Check plugin thirdparty
2024-05-15 10:46:03,470 [INFO] PluginManage:359 - Loaded plugin thirdparty (category:base,tabindex:-1)
2024-05-15 10:46:03,470 [WARN] IntegrityCheckThread:84 - waiting for thirdparty lock release [integrity check]
2024-05-15 10:46:03,470 [INFO] PluginManage:310 - Check plugin tools
2024-05-15 10:46:03,470 [INFO] IntegrityCheckThread:86 - entering critical section [integrity check]
2024-05-15 10:46:03,471 [INFO] ThirdPartyUpdaterWithRetryManager:70 - Updater plugin not ready yet. [1/15]
2024-05-15 10:46:03,518 [INFO] PluginManage:359 - Loaded plugin tools (category:base,tabindex:7)
2024-05-15 10:46:03,519 [INFO] PluginManage:310 - Check plugin tutovideos
2024-05-15 10:46:03,812 [INFO] PluginManage:359 - Loaded plugin tutovideos (category:base,tabindex:-1)
2024-05-15 10:46:03,812 [INFO] PluginManage:310 - Check plugin updater
2024-05-15 10:46:03,827 [INFO] PluginManage:359 - Loaded plugin updater (category:base,tabindex:12)
2024-05-15 10:46:03,827 [INFO] PluginManage:310 - Check plugin userauth
2024-05-15 10:46:03,836 [INFO] UserAuth:114 - Init User Auth plugin
2024-05-15 10:46:03,836 [INFO] PluginManage:359 - Loaded plugin userauth (category:base,tabindex:14)
2024-05-15 10:46:03,837 [INFO] PluginManage:283 - PluginManage : Loaded plugins [17]
2024-05-15 10:46:04,202 [INFO] PinOutPanel:1561 - setPackage(No Configuration,No Configuration)
2024-05-15 10:46:04,335 [INFO] CADModel:165 - CPN selected for project level
2024-05-15 10:46:04,335 [INFO] CADModel:114 - Register for checkConnection events
2024-05-15 10:46:04,380 [INFO] IPUIPlugin:80 - create IPUIPlugin
2024-05-15 10:46:04,381 [INFO] PluginManager:220 - loadIPPluginJar : add adc
2024-05-15 10:46:04,437 [INFO] IPUIPlugin:80 - create IPUIPlugin
2024-05-15 10:46:04,437 [INFO] PluginManager:220 - loadIPPluginJar : add aes
2024-05-15 10:46:04,511 [INFO] IPUIPlugin:80 - create IPUIPlugin
2024-05-15 10:46:04,512 [INFO] PluginManager:220 - loadIPPluginJar : add can
2024-05-15 10:46:04,557 [INFO] IPUIPlugin:80 - create IPUIPlugin
2024-05-15 10:46:04,557 [INFO] PluginManager:220 - loadIPPluginJar : add comp
2024-05-15 10:46:04,631 [INFO] IPUIPlugin:80 - create IPUIPlugin
2024-05-15 10:46:04,631 [INFO] PluginManager:220 - loadIPPluginJar : add cryp
2024-05-15 10:46:04,695 [INFO] IPUIPlugin:80 - create IPUIPlugin
2024-05-15 10:46:04,696 [INFO] PluginManager:220 - loadIPPluginJar : add dfsdm
2024-05-15 10:46:04,722 [INFO] IPUIPlugin:80 - create IPUIPlugin
2024-05-15 10:46:04,722 [INFO] PluginManager:220 - loadIPPluginJar : add dma
2024-05-15 10:46:04,808 [INFO] IPUIPlugin:80 - create IPUIPlugin
2024-05-15 10:46:04,808 [INFO] PluginManager:220 - loadIPPluginJar : add dma3
2024-05-15 10:46:04,899 [INFO] IPUIPlugin:80 - create IPUIPlugin
2024-05-15 10:46:04,899 [INFO] PluginManager:220 - loadIPPluginJar : add extmemmanager
2024-05-15 10:46:04,950 [INFO] IPUIPlugin:80 - create IPUIPlugin
2024-05-15 10:46:04,950 [INFO] PluginManager:220 - loadIPPluginJar : add fatfs
2024-05-15 10:46:05,056 [INFO] IPUIPlugin:80 - create IPUIPlugin
2024-05-15 10:46:05,056 [INFO] PluginManager:220 - loadIPPluginJar : add fmc
2024-05-15 10:46:05,086 [INFO] IPUIPlugin:80 - create IPUIPlugin
2024-05-15 10:46:05,086 [INFO] PluginManager:220 - loadIPPluginJar : add freertos
2024-05-15 10:46:05,124 [INFO] IPUIPlugin:80 - create IPUIPlugin
2024-05-15 10:46:05,124 [INFO] PluginManager:220 - loadIPPluginJar : add genericplugin
2024-05-15 10:46:05,324 [INFO] IPUIPlugin:80 - create IPUIPlugin
2024-05-15 10:46:05,324 [INFO] PluginManager:220 - loadIPPluginJar : add gfxmmu
2024-05-15 10:46:05,574 [INFO] IPUIPlugin:80 - create IPUIPlugin
2024-05-15 10:46:05,575 [INFO] PluginManager:220 - loadIPPluginJar : add gic
2024-05-15 10:46:05,597 [INFO] IPUIPlugin:80 - create IPUIPlugin
2024-05-15 10:46:05,597 [INFO] PluginManager:220 - loadIPPluginJar : add gpio
2024-05-15 10:46:05,786 [INFO] IPUIPlugin:80 - create IPUIPlugin
2024-05-15 10:46:05,786 [INFO] PluginManager:220 - loadIPPluginJar : add gtzc
2024-05-15 10:46:05,840 [INFO] IPUIPlugin:80 - create IPUIPlugin
2024-05-15 10:46:05,841 [INFO] PluginManager:220 - loadIPPluginJar : add hash
2024-05-15 10:46:05,942 [INFO] IPUIPlugin:80 - create IPUIPlugin
2024-05-15 10:46:05,942 [INFO] PluginManager:220 - loadIPPluginJar : add i2c
2024-05-15 10:46:06,012 [INFO] IPUIPlugin:80 - create IPUIPlugin
2024-05-15 10:46:06,013 [INFO] PluginManager:220 - loadIPPluginJar : add i2s
2024-05-15 10:46:06,089 [INFO] IPUIPlugin:80 - create IPUIPlugin
2024-05-15 10:46:06,089 [INFO] PluginManager:220 - loadIPPluginJar : add i3c
2024-05-15 10:46:06,306 [INFO] IPUIPlugin:80 - create IPUIPlugin
2024-05-15 10:46:06,306 [INFO] PluginManager:220 - loadIPPluginJar : add ipddr
2024-05-15 10:46:06,471 [INFO] ThirdPartyUpdaterWithRetryManager:70 - Updater plugin not ready yet. [2/15]
2024-05-15 10:46:06,484 [INFO] IPUIPlugin:80 - create IPUIPlugin
2024-05-15 10:46:06,484 [INFO] PluginManager:220 - loadIPPluginJar : add linkedlist
2024-05-15 10:46:06,543 [INFO] IPUIPlugin:80 - create IPUIPlugin
2024-05-15 10:46:06,544 [INFO] PluginManager:220 - loadIPPluginJar : add lorawan
2024-05-15 10:46:06,620 [INFO] IPUIPlugin:80 - create IPUIPlugin
2024-05-15 10:46:06,621 [INFO] PluginManager:220 - loadIPPluginJar : add ltdc
2024-05-15 10:46:06,650 [INFO] IPUIPlugin:80 - create IPUIPlugin
2024-05-15 10:46:06,650 [INFO] PluginManager:220 - loadIPPluginJar : add mdma
2024-05-15 10:46:06,671 [INFO] IPUIPlugin:80 - create IPUIPlugin
2024-05-15 10:46:06,671 [INFO] PluginManager:220 - loadIPPluginJar : add nvic
2024-05-15 10:46:06,732 [INFO] IPUIPlugin:80 - create IPUIPlugin
2024-05-15 10:46:06,732 [INFO] PluginManager:220 - loadIPPluginJar : add opamp
2024-05-15 10:46:06,816 [INFO] IPUIPlugin:80 - create IPUIPlugin
2024-05-15 10:46:06,816 [INFO] PluginManager:220 - loadIPPluginJar : add openamp
2024-05-15 10:46:06,885 [INFO] IPUIPlugin:80 - create IPUIPlugin
2024-05-15 10:46:06,886 [INFO] PluginManager:220 - loadIPPluginJar : add pdm2pcm
2024-05-15 10:46:06,905 [INFO] IPUIPlugin:80 - create IPUIPlugin
2024-05-15 10:46:06,910 [INFO] PluginManager:220 - loadIPPluginJar : add plateformsettings
2024-05-15 10:46:06,941 [INFO] IPUIPlugin:80 - create IPUIPlugin
2024-05-15 10:46:06,942 [INFO] PluginManager:220 - loadIPPluginJar : add quadspi
2024-05-15 10:46:06,958 [INFO] IPUIPlugin:80 - create IPUIPlugin
2024-05-15 10:46:06,958 [INFO] PluginManager:220 - loadIPPluginJar : add resmgrutility
2024-05-15 10:46:07,023 [INFO] IPUIPlugin:80 - create IPUIPlugin
2024-05-15 10:46:07,023 [INFO] PluginManager:220 - loadIPPluginJar : add sai
2024-05-15 10:46:07,083 [INFO] IPUIPlugin:80 - create IPUIPlugin
2024-05-15 10:46:07,083 [INFO] PluginManager:220 - loadIPPluginJar : add spi
2024-05-15 10:46:07,182 [INFO] IPUIPlugin:80 - create IPUIPlugin
2024-05-15 10:46:07,182 [INFO] PluginManager:220 - loadIPPluginJar : add stm32_wpan
2024-05-15 10:46:07,212 [INFO] IPUIPlugin:80 - create IPUIPlugin
2024-05-15 10:46:07,212 [INFO] PluginManager:220 - loadIPPluginJar : add tim
2024-05-15 10:46:07,330 [INFO] IPUIPlugin:80 - create IPUIPlugin
2024-05-15 10:46:07,331 [INFO] PluginManager:220 - loadIPPluginJar : add touchsensing
2024-05-15 10:46:07,375 [INFO] IPUIPlugin:80 - create IPUIPlugin
2024-05-15 10:46:07,376 [INFO] PluginManager:220 - loadIPPluginJar : add tracer_emb
2024-05-15 10:46:07,424 [INFO] IPUIPlugin:80 - create IPUIPlugin
2024-05-15 10:46:07,424 [INFO] PluginManager:220 - loadIPPluginJar : add ts
2024-05-15 10:46:07,463 [INFO] IPUIPlugin:80 - create IPUIPlugin
2024-05-15 10:46:07,463 [INFO] PluginManager:220 - loadIPPluginJar : add tsc
2024-05-15 10:46:07,505 [INFO] IPUIPlugin:80 - create IPUIPlugin
2024-05-15 10:46:07,505 [INFO] PluginManager:220 - loadIPPluginJar : add ucpd
2024-05-15 10:46:07,568 [INFO] IPUIPlugin:80 - create IPUIPlugin
2024-05-15 10:46:07,568 [INFO] PluginManager:220 - loadIPPluginJar : add usart
2024-05-15 10:46:07,612 [INFO] IPUIPlugin:80 - create IPUIPlugin
2024-05-15 10:46:07,612 [INFO] PluginManager:220 - loadIPPluginJar : add usbx
2024-05-15 10:46:07,777 [INFO] CADModel:165 - CPN selected for project level
2024-05-15 10:46:07,778 [INFO] CADModel:114 - Register for checkConnection events
2024-05-15 10:46:07,778 [FATAL] Updater:308 - Updater called before beeing initialized
2024-05-15 10:46:07,778 [ERROR] CADModel:125 - Updater not yet initialized, retry later 
2024-05-15 10:46:07,961 [INFO] CADModel:165 - CPN selected for project level
2024-05-15 10:46:07,961 [INFO] CADModel:114 - Register for checkConnection events
2024-05-15 10:46:07,961 [FATAL] Updater:308 - Updater called before beeing initialized
2024-05-15 10:46:07,962 [ERROR] CADModel:125 - Updater not yet initialized, retry later 
2024-05-15 10:46:07,966 [FATAL] Updater:308 - Updater called before beeing initialized
2024-05-15 10:46:08,163 [FATAL] Updater:308 - Updater called before beeing initialized
2024-05-15 10:46:08,176 [INFO] DbMcusAds:53 - JSON generation date=Thu May 02 15:37:29 ICT 2024 (1714639049318)
2024-05-15 10:46:08,176 [FATAL] Updater:308 - Updater called before beeing initialized
2024-05-15 10:46:08,271 [WARN] DetailPanel:346 - Failed to get advertising image, set to default
2024-05-15 10:46:08,392 [FATAL] Updater:308 - Updater called before beeing initialized
2024-05-15 10:46:08,394 [FATAL] Updater:308 - Updater called before beeing initialized
2024-05-15 10:46:08,394 [FATAL] Updater:308 - Updater called before beeing initialized
2024-05-15 10:46:08,394 [WARN] DetailPanel:346 - Failed to get advertising image, set to default
2024-05-15 10:46:08,395 [FATAL] Updater:308 - Updater called before beeing initialized
2024-05-15 10:46:08,477 [ERROR] Updater:1120 - MainUpdater not yet initialized. External WinMGr cannot be set.
2024-05-15 10:46:08,488 [INFO] Updater:1056 - Updater Version found : 6.11.0
2024-05-15 10:46:08,513 [INFO] ApplicationProperties:184 - Using Application install path: C:\ST\STM32CubeIDE_1.14.1\STM32CubeIDE\plugins\com.st.stm32cube.common.mx_6.11.0.202403141607
2024-05-15 10:46:09,474 [INFO] ThirdPartyUpdaterWithRetryManager:70 - Updater plugin not ready yet. [3/15]
2024-05-15 10:46:10,136 [ERROR] LogOutputStream:75 - [STDERR_REDIRECT] May 15, 2024 10:46:10 AM java.util.prefs.WindowsPreferences <init>
2024-05-15 10:46:10,138 [ERROR] LogOutputStream:75 - [STDERR_REDIRECT] WARNING: Could not open/create prefs root node Software\JavaSoft\Prefs at root 0xffffffff80000002. Windows RegCreateKeyEx(...) returned error code 5.
2024-05-15 10:46:10,138 [ERROR] LogOutputStream:75 - [STDERR_REDIRECT] 
2024-05-15 10:46:10,598 [INFO] MainUpdater:2873 - connection check result : 10
2024-05-15 10:46:10,600 [INFO] MainUpdater:290 - Updater Check For Update Now.
2024-05-15 10:46:10,600 [INFO] MicroXplorer:498 - Change Database Version : DB.6.0.110
2024-05-15 10:46:10,617 [INFO] McuFinderGlobals:63 - Set McuFinder mode to 2 (CubeIDE integrated)
2024-05-15 10:46:10,630 [INFO] UserAuth:415 - Internet connection configuration mode: 1
2024-05-15 10:46:10,669 [INFO] JxBrowserEngine:152 - Initiate JxBrowser Engine with user profile folder
2024-05-15 10:46:10,861 [INFO] CheckServerUpdateThread:120 - End of CheckServer Thread
2024-05-15 10:46:12,733 [WARN] PackLoader:240 - Cannot read IP mode file for STMicroelectronics.FP-SNS-MOTENVWB1.1.4.0
2024-05-15 10:46:12,754 [WARN] PackLoader:240 - Cannot read IP mode file for STMicroelectronics.X-CUBE-SMBUS.2.1.0
2024-05-15 10:46:12,768 [WARN] PackLoader:240 - Cannot read IP mode file for STMicroelectronics.X-CUBE-TOUCHGFX.4.23.1
2024-05-15 10:46:12,779 [WARN] PackLoader:240 - Cannot read IP mode file for STMicroelectronics.X-CUBE-TOUCHGFX.4.23.0
2024-05-15 10:46:12,792 [WARN] PackLoader:240 - Cannot read IP mode file for STMicroelectronics.X-CUBE-TOUCHGFX.4.23.2
2024-05-15 10:46:12,838 [WARN] PackLoader:240 - Cannot read IP mode file for STMicroelectronics.X-CUBE-AZRTOS-F7.1.1.0
2024-05-15 10:46:12,862 [WARN] PackLoader:240 - Cannot read IP mode file for STMicroelectronics.FP-SNS-MOTENV1.4.3.2
2024-05-15 10:46:12,881 [WARN] PackLoader:240 - Cannot read IP mode file for STMicroelectronics.FP-SNS-FLIGHT1.5.0.2
2024-05-15 10:46:12,900 [WARN] PackLoader:240 - Cannot read IP mode file for STMicroelectronics.X-CUBE-DISPLAY.3.0.0
2024-05-15 10:46:12,924 [WARN] PackLoader:240 - Cannot read IP mode file for STMicroelectronics.X-CUBE-BLE1.7.0.0
2024-05-15 10:46:12,940 [WARN] PackLoader:240 - Cannot read IP mode file for emotas.I-CUBE-CANOPEN.1.3.0
2024-05-15 10:46:12,955 [WARN] PackLoader:240 - Cannot read IP mode file for STMicroelectronics.X-CUBE-TOUCHGFX.4.22.1
2024-05-15 10:46:12,985 [WARN] PackLoader:240 - Cannot read IP mode file for STMicroelectronics.X-CUBE-BLEMGR.3.1.0
2024-05-15 10:46:13,008 [WARN] PackLoader:240 - Cannot read IP mode file for STMicroelectronics.FP-SNS-SMARTAG2.1.2.0
2024-05-15 10:46:13,037 [INFO] LogOutputStream:77 - [STDOUT_REDIRECT] 1 : Invalid condition id : UX_CORESTACK_Condition cause : null
2024-05-15 10:46:13,037 [INFO] LogOutputStream:77 - [STDOUT_REDIRECT] 1 : Invalid condition id : UX_CORESTACK_Condition cause : null
2024-05-15 10:46:13,039 [INFO] LogOutputStream:77 - [STDOUT_REDIRECT] 1 : Invalid condition id : UX_CORESTACK_Condition cause : null
2024-05-15 10:46:13,041 [INFO] LogOutputStream:77 - [STDOUT_REDIRECT] 1 : Invalid condition id : UX_CORESTACK_Condition cause : null
2024-05-15 10:46:13,043 [INFO] LogOutputStream:77 - [STDOUT_REDIRECT] 1 : Invalid condition id : UX_CORESTACK_Condition cause : null
2024-05-15 10:46:13,048 [WARN] PackLoader:240 - Cannot read IP mode file for STMicroelectronics.X-CUBE-AZRTOS-WL.2.0.0
2024-05-15 10:46:13,066 [WARN] PackLoader:240 - Cannot read IP mode file for STMicroelectronics.FP-SNS-MOTENV1.5.0.0
2024-05-15 10:46:13,087 [WARN] PackLoader:240 - Cannot read IP mode file for WES.I-CUBE-Cesium.1.3.0
2024-05-15 10:46:13,102 [WARN] PackLoader:240 - Cannot read IP mode file for STMicroelectronics.X-CUBE-BLE2.3.3.0
2024-05-15 10:46:13,117 [WARN] PackLoader:240 - Cannot read IP mode file for STMicroelectronics.X-CUBE-TCPP.4.1.0
2024-05-15 10:46:13,136 [WARN] PackLoader:240 - Cannot read IP mode file for STMicroelectronics.X-CUBE-ALGOBUILD.1.3.0
2024-05-15 10:46:13,170 [WARN] PackLoader:240 - Cannot read IP mode file for STMicroelectronics.X-CUBE-AZRTOS-G0.1.1.0
2024-05-15 10:46:13,188 [WARN] PackLoader:240 - Cannot read IP mode file for STMicroelectronics.X-CUBE-SAFEA1.1.2.2
2024-05-15 10:46:13,206 [WARN] PackLoader:240 - Cannot read IP mode file for STMicroelectronics.X-CUBE-NFC4.3.0.0
2024-05-15 10:46:13,228 [WARN] PackLoader:240 - Cannot read IP mode file for STMicroelectronics.X-CUBE-BLEMGR.3.0.0
2024-05-15 10:46:13,246 [WARN] PackLoader:240 - Cannot read IP mode file for STMicroelectronics.FP-ATR-SIGFOX1.3.2.0
2024-05-15 10:46:13,263 [WARN] PackLoader:240 - Cannot read IP mode file for STMicroelectronics.X-CUBE-EEPRMA1.5.1.0
2024-05-15 10:46:13,326 [WARN] PackLoader:240 - Cannot read IP mode file for SEGGER.I-CUBE-embOS.1.3.1
2024-05-15 10:46:13,404 [WARN] PackLoader:240 - Cannot read IP mode file for STMicroelectronics.X-CUBE-ALGOBUILD.1.4.0
2024-05-15 10:46:13,422 [WARN] PackLoader:240 - Cannot read IP mode file for STMicroelectronics.X-CUBE-GNSS1.6.0.0
2024-05-15 10:46:13,456 [WARN] PackLoader:240 - Cannot read IP mode file for STMicroelectronics.X-CUBE-AZRTOS-F4.1.1.0
2024-05-15 10:46:13,472 [WARN] PackLoader:240 - Cannot read IP mode file for wolfSSL.I-CUBE-wolfSSL.5.6.3
2024-05-15 10:46:13,486 [WARN] PackLoader:240 - Cannot read IP mode file for STMicroelectronics.X-CUBE-FREERTOS.1.2.0
2024-05-15 10:46:13,500 [WARN] PackLoader:240 - Cannot read IP mode file for wolfSSL.I-CUBE-wolfSSL.5.6.6
2024-05-15 10:46:13,533 [WARN] PackLoader:240 - Cannot read IP mode file for STMicroelectronics.X-CUBE-AZRTOS-L5.2.0.0
2024-05-15 10:46:13,590 [WARN] PackLoader:240 - Cannot read IP mode file for STMicroelectronics.X-CUBE-MEMS1.9.6.0
2024-05-15 10:46:13,787 [WARN] PackLoader:240 - Cannot read IP mode file for STMicroelectronics.X-CUBE-EEPRMA1.4.2.0
2024-05-15 10:46:13,811 [WARN] PackLoader:240 - Cannot read IP mode file for STMicroelectronics.X-CUBE-NFC6.3.1.0
2024-05-15 10:46:13,833 [WARN] PackLoader:240 - Cannot read IP mode file for ITTIA_DB.I-CUBE-ITTIADB.8.8.0
2024-05-15 10:46:13,903 [WARN] PackLoader:240 - Cannot read IP mode file for STMicroelectronics.X-CUBE-BLEMGR.2.0.0
2024-05-15 10:46:13,918 [WARN] PackLoader:240 - Cannot read IP mode file for STMicroelectronics.X-CUBE-AI.9.0.0
2024-05-15 10:46:13,955 [WARN] ConditionMgr:438 - getConditionDescription Invalid condition id : UX DEVICE CLASS RTOS Condition cause : null
2024-05-15 10:46:13,955 [WARN] ConditionMgr:438 - getConditionDescription Invalid condition id : UX DEVICE CLASS RTOS Condition cause : null
2024-05-15 10:46:13,959 [WARN] PackLoader:240 - Cannot read IP mode file for STMicroelectronics.X-CUBE-AZRTOS-H7.3.1.0
2024-05-15 10:46:13,960 [WARN] ConditionMgr:1039 - genDependencies : Invalid condition id : UX DEVICE CLASS RTOS Condition cause : null
2024-05-15 10:46:13,961 [WARN] ConditionMgr:1039 - genDependencies : Invalid condition id : UX DEVICE CLASS RTOS Condition cause : null
2024-05-15 10:46:13,961 [WARN] ConditionMgr:1039 - genDependencies : Invalid condition id : UX DEVICE CLASS RTOS Condition cause : null
2024-05-15 10:46:13,962 [WARN] ConditionMgr:1039 - genDependencies : Invalid condition id : UX DEVICE CLASS RTOS Condition cause : null
2024-05-15 10:46:13,962 [WARN] ConditionMgr:1039 - genDependencies : Invalid condition id : UX DEVICE CLASS RTOS Condition cause : null
2024-05-15 10:46:13,977 [WARN] PackLoader:240 - Cannot read IP mode file for STMicroelectronics.X-CUBE-NFC7.1.0.1
2024-05-15 10:46:13,994 [WARN] PackLoader:240 - Cannot read IP mode file for STMicroelectronics.X-CUBE-NFC6.3.0.0
2024-05-15 10:46:14,013 [WARN] PackLoader:240 - Cannot read IP mode file for STMicroelectronics.X-CUBE-EEPRMA1.4.1.0
2024-05-15 10:46:14,028 [WARN] PackLoader:240 - Cannot read IP mode file for STMicroelectronics.X-CUBE-AI.8.1.0
2024-05-15 10:46:14,060 [WARN] ConditionMgr:438 - getConditionDescription Invalid condition id : LAN8742 Phy interface Condition cause : null
2024-05-15 10:46:14,061 [WARN] PackLoader:240 - Cannot read IP mode file for STMicroelectronics.X-CUBE-AZRTOS-L4.2.0.0
2024-05-15 10:46:14,062 [WARN] ConditionMgr:1039 - genDependencies : Invalid condition id : LAN8742 Phy interface Condition cause : null
2024-05-15 10:46:14,062 [WARN] ConditionMgr:1039 - genDependencies : Invalid condition id : LAN8742 Phy interface Condition cause : null
2024-05-15 10:46:14,062 [WARN] ConditionMgr:1039 - genDependencies : Invalid condition id : LAN8742 Phy interface Condition cause : null
2024-05-15 10:46:14,141 [WARN] PackLoader:240 - Cannot read IP mode file for STMicroelectronics.X-CUBE-SFXS2LP1.4.0.0
2024-05-15 10:46:14,158 [WARN] PackLoader:240 - Cannot read IP mode file for STMicroelectronics.X-CUBE-ISPU.1.1.0
2024-05-15 10:46:14,189 [WARN] ConditionMgr:438 - getConditionDescription Invalid condition id : UX DEVICE CLASS RTOS Condition cause : null
2024-05-15 10:46:14,189 [WARN] ConditionMgr:438 - getConditionDescription Invalid condition id : UX DEVICE CLASS RTOS Condition cause : null
2024-05-15 10:46:14,192 [WARN] PackLoader:240 - Cannot read IP mode file for STMicroelectronics.X-CUBE-AZRTOS-WB.2.0.0
2024-05-15 10:46:14,193 [WARN] ConditionMgr:1039 - genDependencies : Invalid condition id : UX DEVICE CLASS RTOS Condition cause : null
2024-05-15 10:46:14,193 [WARN] ConditionMgr:1039 - genDependencies : Invalid condition id : UX DEVICE CLASS RTOS Condition cause : null
2024-05-15 10:46:14,194 [WARN] ConditionMgr:1039 - genDependencies : Invalid condition id : UX DEVICE CLASS RTOS Condition cause : null
2024-05-15 10:46:14,194 [WARN] ConditionMgr:1039 - genDependencies : Invalid condition id : UX DEVICE CLASS RTOS Condition cause : null
2024-05-15 10:46:14,195 [WARN] ConditionMgr:1039 - genDependencies : Invalid condition id : UX DEVICE CLASS RTOS Condition cause : null
2024-05-15 10:46:14,225 [WARN] PackLoader:240 - Cannot read IP mode file for STMicroelectronics.X-CUBE-SUBG2.5.0.0
2024-05-15 10:46:14,259 [WARN] PackLoader:240 - Cannot read IP mode file for STMicroelectronics.X-CUBE-TOF1.3.3.1
2024-05-15 10:46:14,303 [WARN] PackLoader:240 - Cannot read IP mode file for STMicroelectronics.X-CUBE-AZRTOS-G4.2.0.0
2024-05-15 10:46:14,332 [WARN] PackLoader:240 - Cannot read IP mode file for Infineon.AIROC-Wi-Fi-Bluetooth-STM32.1.5.1
2024-05-15 10:46:14,348 [WARN] PackLoader:240 - Cannot read IP mode file for STMicroelectronics.FP-SNS-MOTENVWB1.1.3.0
2024-05-15 10:46:14,361 [WARN] PackLoader:240 - Cannot read IP mode file for STMicroelectronics.FP-SNS-MOTENVWB1.1.3.1
2024-05-15 10:46:14,373 [WARN] PackLoader:240 - Cannot read IP mode file for STMicroelectronics.X-CUBE-ISPU.2.0.0
2024-05-15 10:46:14,437 [WARN] PackLoader:240 - Cannot read IP mode file for STMicroelectronics.X-CUBE-MEMS1.10.0.0
2024-05-15 10:46:14,587 [WARN] PackLoader:240 - Cannot read IP mode file for STMicroelectronics.X-CUBE-FREERTOS.1.1.0
2024-05-15 10:46:14,606 [WARN] PackLoader:240 - Cannot read IP mode file for portGmbH.I-Cube-SoM-uGOAL.1.1.0
2024-05-15 10:46:14,623 [WARN] PackLoader:240 - Cannot read IP mode file for STMicroelectronics.X-CUBE-ALS.1.0.1
2024-05-15 10:46:14,667 [WARN] PackLoader:240 - Cannot read IP mode file for STMicroelectronics.X-CUBE-AZRTOS-H7RS.1.0.0
2024-05-15 10:46:14,683 [WARN] PackLoader:240 - Cannot read IP mode file for STMicroelectronics.FP-ATR-ASTRA1.2.0.0
2024-05-15 10:46:14,711 [WARN] PackLoader:240 - Cannot read IP mode file for STMicroelectronics.X-CUBE-TOF1.3.4.0
2024-05-15 10:46:14,751 [WARN] PackLoader:240 - Cannot read IP mode file for STMicroelectronics.X-CUBE-TOF1.3.4.1
2024-05-15 10:46:14,826 [WARN] PackLoader:240 - Cannot read IP mode file for STMicroelectronics.X-CUBE-AZRTOS-H7.3.2.0
2024-05-15 10:46:14,831 [INFO] ThirdParty:978 - Integrity check success = true
2024-05-15 10:46:14,832 [INFO] IntegrityCheckThread:100 - exiting critical section [integrity check]
2024-05-15 10:46:14,832 [INFO] IntegrityCheckThread:103 - End integrity checks thread
2024-05-15 10:46:17,394 [INFO] WebApp:161 - Instantiating new browser for Auth
2024-05-15 10:46:18,031 [INFO] WebApp:779 - Register for checkConnection events
2024-05-15 10:46:18,031 [INFO] WebApp:414 - Apply proxy settings
2024-05-15 10:46:18,031 [INFO] WebApp:499 - Chromium requires no authentication
2024-05-15 10:46:18,039 [INFO] WebApp:442 - Direct internet connection detected
2024-05-15 10:46:18,420 [INFO] WebApp:192 - Starting web application
2024-05-15 10:46:18,420 [INFO] WebApp:544 - Web application path used C:\ST\STM32CubeIDE_1.14.1\STM32CubeIDE\plugins\com.st.stm32cube.common.mx_6.11.0.202403141607\db\plugins\mcufinder\reactClient1\index.html
