2024-05-21 18:59:43,574 [INFO] Activator:176 - 


2024-05-21 18:59:43,584 [INFO] Activator:177 - !SESSION log4j initialized
2024-05-21 18:59:54,694 [INFO] LogOutputStream:77 - [STDOUT_REDIRECT] 
2024-05-21 18:59:57,310 [INFO] ApplicationProperties:184 - Using Application install path: C:\ST\STM32CubeIDE_1.14.1\STM32CubeIDE\plugins\com.st.stm32cube.common.mx_6.11.0.202403141607
2024-05-21 18:59:57,342 [INFO] DbMcusXml:78 - Set database path to: C:\ST\STM32CubeIDE_1.14.1\STM32CubeIDE\plugins\com.st.stm32cube.common.mx_6.11.0.202403141607\\db\/mcu/
2024-05-21 18:59:57,343 [INFO] ApiDb:274 - Set plugin database path to: C:\ST\STM32CubeIDE_1.14.1\STM32CubeIDE\plugins\com.st.stm32cube.common.mx_6.11.0.202403141607\\db\/plugins/boardmanager/
2024-05-21 18:59:57,344 [WARN] ApiDb:259 - Overriding images path with different value:  => C:\ST\STM32CubeIDE_1.14.1\STM32CubeIDE\plugins\com.st.stm32cube.common.mx_6.11.0.202403141607\\db\/plugins/mcufinder/images/
2024-05-21 18:59:57,361 [INFO] ApiDb:250 - Set database path to: C:\Users\AAA\.stmcufinder\plugins\mcufinder//mcu/
2024-05-21 18:59:57,362 [INFO] DbMcusAds:125 - Set database path to: C:\Users\AAA\.stmcufinder\plugins\mcufinder//mcu/
2024-05-21 18:59:57,365 [INFO] CrossReferenceDbSqlite:203 - Set database path to: C:\Users\AAA\.stmcufinder\plugins\mcufinder//mcu/cs/
2024-05-21 18:59:57,537 [INFO] RulesReader:64 - Compatibility file has been processed (297 Rules)
2024-05-21 18:59:57,643 [INFO] DbMcusXml:78 - Set database path to: C:\ST\STM32CubeIDE_1.14.1\STM32CubeIDE\plugins\com.st.stm32cube.common.mx_6.11.0.202403141607\\db\/mcu/
2024-05-21 18:59:57,644 [INFO] ApiDb:274 - Set plugin database path to: C:\ST\STM32CubeIDE_1.14.1\STM32CubeIDE\plugins\com.st.stm32cube.common.mx_6.11.0.202403141607\\db\/plugins/boardmanager/
2024-05-21 18:59:57,644 [INFO] ApiDb:261 - Set plugin images path to: C:\ST\STM32CubeIDE_1.14.1\STM32CubeIDE\plugins\com.st.stm32cube.common.mx_6.11.0.202403141607\\db\/plugins/mcufinder/images/
2024-05-21 18:59:57,644 [WARN] DbFile:41 - Overriding database path with different value: C:\Users\AAA\.stmcufinder\plugins\mcufinder/ => C:\Users\AAA\.stmcufinder\plugins\mcufinder
2024-05-21 18:59:57,644 [INFO] ApiDb:250 - Set database path to: C:\Users\AAA\.stmcufinder\plugins\mcufinder//mcu/
2024-05-21 18:59:57,644 [WARN] DbFile:41 - Overriding database path with different value: C:\Users\AAA\.stmcufinder\plugins\mcufinder/ => C:\Users\AAA\.stmcufinder\plugins\mcufinder
2024-05-21 18:59:57,644 [INFO] DbMcusAds:125 - Set database path to: C:\Users\AAA\.stmcufinder\plugins\mcufinder//mcu/
2024-05-21 18:59:57,644 [WARN] DbFile:41 - Overriding database path with different value: C:\Users\AAA\.stmcufinder\plugins\mcufinder/ => C:\Users\AAA\.stmcufinder\plugins\mcufinder
2024-05-21 18:59:57,644 [WARN] DbFile:41 - Overriding database path with different value: C:\Users\AAA\.stmcufinder\plugins\mcufinder/ => C:\Users\AAA\.stmcufinder\plugins\mcufinder
2024-05-21 18:59:57,645 [INFO] CrossReferenceDbSqlite:203 - Set database path to: C:\Users\AAA\.stmcufinder\plugins\mcufinder//mcu/cs/
2024-05-21 18:59:57,738 [INFO] MainPanel:264 - HeapMemory: 268435456
2024-05-21 18:59:57,842 [INFO] DbMcusXml:78 - Set database path to: C:\ST\STM32CubeIDE_1.14.1\STM32CubeIDE\plugins\com.st.stm32cube.common.mx_6.11.0.202403141607\\db\/mcu/
2024-05-21 18:59:57,842 [INFO] ApiDb:274 - Set plugin database path to: C:\ST\STM32CubeIDE_1.14.1\STM32CubeIDE\plugins\com.st.stm32cube.common.mx_6.11.0.202403141607\\db\/plugins/boardmanager/
2024-05-21 18:59:57,842 [INFO] ApiDb:261 - Set plugin images path to: C:\ST\STM32CubeIDE_1.14.1\STM32CubeIDE\plugins\com.st.stm32cube.common.mx_6.11.0.202403141607\\db\/plugins/mcufinder/images/
2024-05-21 18:59:57,843 [WARN] DbFile:41 - Overriding database path with different value: C:\Users\AAA\.stmcufinder\plugins\mcufinder/ => C:\Users\AAA\.stmcufinder\plugins\mcufinder
2024-05-21 18:59:57,843 [INFO] ApiDb:250 - Set database path to: C:\Users\AAA\.stmcufinder\plugins\mcufinder//mcu/
2024-05-21 18:59:57,843 [WARN] DbFile:41 - Overriding database path with different value: C:\Users\AAA\.stmcufinder\plugins\mcufinder/ => C:\Users\AAA\.stmcufinder\plugins\mcufinder
2024-05-21 18:59:57,843 [INFO] DbMcusAds:125 - Set database path to: C:\Users\AAA\.stmcufinder\plugins\mcufinder//mcu/
2024-05-21 18:59:57,843 [WARN] DbFile:41 - Overriding database path with different value: C:\Users\AAA\.stmcufinder\plugins\mcufinder/ => C:\Users\AAA\.stmcufinder\plugins\mcufinder
2024-05-21 18:59:57,843 [WARN] DbFile:41 - Overriding database path with different value: C:\Users\AAA\.stmcufinder\plugins\mcufinder/ => C:\Users\AAA\.stmcufinder\plugins\mcufinder
2024-05-21 18:59:57,843 [INFO] CrossReferenceDbSqlite:203 - Set database path to: C:\Users\AAA\.stmcufinder\plugins\mcufinder//mcu/cs/
2024-05-21 18:59:57,865 [INFO] ApplicationProperties:184 - Using Application install path: C:\ST\STM32CubeIDE_1.14.1\STM32CubeIDE\plugins\com.st.stm32cube.common.mx_6.11.0.202403141607
2024-05-21 18:59:57,867 [INFO] PluginManage:196 - Search for loadable plugins [exclusion list=, ]
2024-05-21 18:59:57,868 [INFO] PluginManage:310 - Check plugin analytics
2024-05-21 18:59:58,087 [INFO] AnalyticsPlugin:253 - Accepted Software Licenses: 
2024-05-21 18:59:58,087 [INFO] AnalyticsPlugin:255 - Accepted CMSIS Pack Licenses: ARM.CMSIS.6.0.0
2024-05-21 18:59:58,087 [INFO] AnalyticsPlugin:257 - Accepted Firmware Licenses: 
2024-05-21 18:59:58,092 [INFO] PluginManage:359 - Loaded plugin analytics (category:tool,tabindex:-1)
2024-05-21 18:59:58,092 [INFO] PluginManage:310 - Check plugin cadmodel
2024-05-21 18:59:58,105 [INFO] CADModel:105 - Init CAD model plugin
2024-05-21 18:59:58,105 [INFO] PluginManage:359 - Loaded plugin cadmodel (category:power,tabindex:5)
2024-05-21 18:59:58,105 [INFO] PluginManage:310 - Check plugin clock
2024-05-21 18:59:58,121 [INFO] PluginManage:359 - Loaded plugin clock (category:base,tabindex:2)
2024-05-21 18:59:58,121 [INFO] PluginManage:310 - Check plugin ddr
2024-05-21 18:59:58,125 [INFO] PluginManage:359 - Loaded plugin ddr (category:tool,tabindex:6)
2024-05-21 18:59:58,125 [INFO] PluginManage:310 - Check plugin filemanager
2024-05-21 18:59:58,312 [INFO] PluginManage:359 - Loaded plugin filemanager (category:base,tabindex:10)
2024-05-21 18:59:58,312 [INFO] PluginManage:310 - Check plugin ipmanager
2024-05-21 18:59:58,323 [INFO] PluginManage:359 - Loaded plugin ipmanager (category:base,tabindex:5)
2024-05-21 18:59:58,323 [INFO] PluginManage:310 - Check plugin lpbam
2024-05-21 18:59:58,344 [INFO] PluginManage:359 - Loaded plugin lpbam (category:base,tabindex:0)
2024-05-21 18:59:58,344 [INFO] PluginManage:310 - Check plugin memorymap
2024-05-21 18:59:58,364 [INFO] PluginManage:359 - Loaded plugin memorymap (category:base,tabindex:4)
2024-05-21 18:59:58,365 [INFO] PluginManage:310 - Check plugin pinoutandconfiguration
2024-05-21 18:59:58,376 [INFO] PluginManage:359 - Loaded plugin pinoutandconfiguration (category:base,tabindex:1)
2024-05-21 18:59:58,376 [INFO] PluginManage:310 - Check plugin pinoutconfig
2024-05-21 18:59:58,525 [WARN] SupportedApi:132 - Cannot load RTOS API schema: s4s-elt-must-match.1: The content of 'definitions' must match (annotation?, (simpleType | complexType)?, (unique | key | keyref)*)). A problem was found starting at: attribute.
2024-05-21 18:59:58,685 [INFO] PluginManage:359 - Loaded plugin pinoutconfig (category:base,tabindex:0)
2024-05-21 18:59:58,685 [INFO] PluginManage:310 - Check plugin power
2024-05-21 18:59:58,697 [INFO] PluginManage:359 - Loaded plugin power (category:power,tabindex:4)
2024-05-21 18:59:58,697 [INFO] PluginManage:310 - Check plugin projectmanager
2024-05-21 18:59:58,715 [INFO] PluginManage:359 - Loaded plugin projectmanager (category:projectmanager,tabindex:3)
2024-05-21 18:59:58,715 [INFO] PluginManage:310 - Check plugin thirdparty
2024-05-21 18:59:58,854 [WARN] IntegrityCheckThread:84 - waiting for thirdparty lock release [integrity check]
2024-05-21 18:59:58,855 [INFO] IntegrityCheckThread:86 - entering critical section [integrity check]
2024-05-21 18:59:58,855 [INFO] PluginManage:359 - Loaded plugin thirdparty (category:base,tabindex:-1)
2024-05-21 18:59:58,855 [INFO] PluginManage:310 - Check plugin tools
2024-05-21 18:59:58,855 [INFO] ThirdPartyUpdaterWithRetryManager:70 - Updater plugin not ready yet. [1/15]
2024-05-21 18:59:58,858 [INFO] PluginManage:359 - Loaded plugin tools (category:base,tabindex:7)
2024-05-21 18:59:58,858 [INFO] PluginManage:310 - Check plugin tutovideos
2024-05-21 18:59:59,026 [INFO] PluginManage:359 - Loaded plugin tutovideos (category:base,tabindex:-1)
2024-05-21 18:59:59,026 [INFO] PluginManage:310 - Check plugin updater
2024-05-21 18:59:59,037 [INFO] PluginManage:359 - Loaded plugin updater (category:base,tabindex:12)
2024-05-21 18:59:59,037 [INFO] PluginManage:310 - Check plugin userauth
2024-05-21 18:59:59,043 [INFO] UserAuth:114 - Init User Auth plugin
2024-05-21 18:59:59,043 [INFO] PluginManage:359 - Loaded plugin userauth (category:base,tabindex:14)
2024-05-21 18:59:59,044 [INFO] PluginManage:283 - PluginManage : Loaded plugins [17]
2024-05-21 18:59:59,257 [INFO] PinOutPanel:1561 - setPackage(No Configuration,No Configuration)
2024-05-21 18:59:59,348 [INFO] CADModel:165 - CPN selected for project level
2024-05-21 18:59:59,348 [INFO] CADModel:114 - Register for checkConnection events
2024-05-21 18:59:59,367 [INFO] IPUIPlugin:80 - create IPUIPlugin
2024-05-21 18:59:59,367 [INFO] PluginManager:220 - loadIPPluginJar : add adc
2024-05-21 18:59:59,370 [INFO] IPUIPlugin:80 - create IPUIPlugin
2024-05-21 18:59:59,370 [INFO] PluginManager:220 - loadIPPluginJar : add aes
2024-05-21 18:59:59,374 [INFO] IPUIPlugin:80 - create IPUIPlugin
2024-05-21 18:59:59,374 [INFO] PluginManager:220 - loadIPPluginJar : add can
2024-05-21 18:59:59,376 [INFO] IPUIPlugin:80 - create IPUIPlugin
2024-05-21 18:59:59,376 [INFO] PluginManager:220 - loadIPPluginJar : add comp
2024-05-21 18:59:59,379 [INFO] IPUIPlugin:80 - create IPUIPlugin
2024-05-21 18:59:59,379 [INFO] PluginManager:220 - loadIPPluginJar : add cryp
2024-05-21 18:59:59,383 [INFO] IPUIPlugin:80 - create IPUIPlugin
2024-05-21 18:59:59,384 [INFO] PluginManager:220 - loadIPPluginJar : add dfsdm
2024-05-21 18:59:59,390 [INFO] IPUIPlugin:80 - create IPUIPlugin
2024-05-21 18:59:59,390 [INFO] PluginManager:220 - loadIPPluginJar : add dma
2024-05-21 18:59:59,393 [INFO] IPUIPlugin:80 - create IPUIPlugin
2024-05-21 18:59:59,393 [INFO] PluginManager:220 - loadIPPluginJar : add dma3
2024-05-21 18:59:59,397 [INFO] IPUIPlugin:80 - create IPUIPlugin
2024-05-21 18:59:59,397 [INFO] PluginManager:220 - loadIPPluginJar : add extmemmanager
2024-05-21 18:59:59,399 [INFO] IPUIPlugin:80 - create IPUIPlugin
2024-05-21 18:59:59,399 [INFO] PluginManager:220 - loadIPPluginJar : add fatfs
2024-05-21 18:59:59,403 [INFO] IPUIPlugin:80 - create IPUIPlugin
2024-05-21 18:59:59,403 [INFO] PluginManager:220 - loadIPPluginJar : add fmc
2024-05-21 18:59:59,410 [INFO] IPUIPlugin:80 - create IPUIPlugin
2024-05-21 18:59:59,410 [INFO] PluginManager:220 - loadIPPluginJar : add freertos
2024-05-21 18:59:59,412 [INFO] IPUIPlugin:80 - create IPUIPlugin
2024-05-21 18:59:59,412 [INFO] PluginManager:220 - loadIPPluginJar : add genericplugin
2024-05-21 18:59:59,415 [INFO] IPUIPlugin:80 - create IPUIPlugin
2024-05-21 18:59:59,415 [INFO] PluginManager:220 - loadIPPluginJar : add gfxmmu
2024-05-21 18:59:59,420 [INFO] IPUIPlugin:80 - create IPUIPlugin
2024-05-21 18:59:59,420 [INFO] PluginManager:220 - loadIPPluginJar : add gic
2024-05-21 18:59:59,425 [INFO] IPUIPlugin:80 - create IPUIPlugin
2024-05-21 18:59:59,425 [INFO] PluginManager:220 - loadIPPluginJar : add gpio
2024-05-21 18:59:59,428 [INFO] IPUIPlugin:80 - create IPUIPlugin
2024-05-21 18:59:59,428 [INFO] PluginManager:220 - loadIPPluginJar : add gtzc
2024-05-21 18:59:59,430 [INFO] IPUIPlugin:80 - create IPUIPlugin
2024-05-21 18:59:59,432 [INFO] PluginManager:220 - loadIPPluginJar : add hash
2024-05-21 18:59:59,436 [INFO] IPUIPlugin:80 - create IPUIPlugin
2024-05-21 18:59:59,436 [INFO] PluginManager:220 - loadIPPluginJar : add i2c
2024-05-21 18:59:59,438 [INFO] IPUIPlugin:80 - create IPUIPlugin
2024-05-21 18:59:59,438 [INFO] PluginManager:220 - loadIPPluginJar : add i2s
2024-05-21 18:59:59,441 [INFO] IPUIPlugin:80 - create IPUIPlugin
2024-05-21 18:59:59,441 [INFO] PluginManager:220 - loadIPPluginJar : add i3c
2024-05-21 18:59:59,445 [INFO] IPUIPlugin:80 - create IPUIPlugin
2024-05-21 18:59:59,445 [INFO] PluginManager:220 - loadIPPluginJar : add ipddr
2024-05-21 18:59:59,451 [INFO] IPUIPlugin:80 - create IPUIPlugin
2024-05-21 18:59:59,452 [INFO] PluginManager:220 - loadIPPluginJar : add linkedlist
2024-05-21 18:59:59,454 [INFO] IPUIPlugin:80 - create IPUIPlugin
2024-05-21 18:59:59,455 [INFO] PluginManager:220 - loadIPPluginJar : add lorawan
2024-05-21 18:59:59,456 [INFO] IPUIPlugin:80 - create IPUIPlugin
2024-05-21 18:59:59,457 [INFO] PluginManager:220 - loadIPPluginJar : add ltdc
2024-05-21 18:59:59,462 [INFO] IPUIPlugin:80 - create IPUIPlugin
2024-05-21 18:59:59,462 [INFO] PluginManager:220 - loadIPPluginJar : add mdma
2024-05-21 18:59:59,466 [INFO] IPUIPlugin:80 - create IPUIPlugin
2024-05-21 18:59:59,466 [INFO] PluginManager:220 - loadIPPluginJar : add nvic
2024-05-21 18:59:59,472 [INFO] IPUIPlugin:80 - create IPUIPlugin
2024-05-21 18:59:59,473 [INFO] PluginManager:220 - loadIPPluginJar : add opamp
2024-05-21 18:59:59,475 [INFO] IPUIPlugin:80 - create IPUIPlugin
2024-05-21 18:59:59,476 [INFO] PluginManager:220 - loadIPPluginJar : add openamp
2024-05-21 18:59:59,478 [INFO] IPUIPlugin:80 - create IPUIPlugin
2024-05-21 18:59:59,478 [INFO] PluginManager:220 - loadIPPluginJar : add pdm2pcm
2024-05-21 18:59:59,483 [INFO] IPUIPlugin:80 - create IPUIPlugin
2024-05-21 18:59:59,486 [INFO] PluginManager:220 - loadIPPluginJar : add plateformsettings
2024-05-21 18:59:59,488 [INFO] IPUIPlugin:80 - create IPUIPlugin
2024-05-21 18:59:59,488 [INFO] PluginManager:220 - loadIPPluginJar : add quadspi
2024-05-21 18:59:59,492 [INFO] IPUIPlugin:80 - create IPUIPlugin
2024-05-21 18:59:59,492 [INFO] PluginManager:220 - loadIPPluginJar : add resmgrutility
2024-05-21 18:59:59,495 [INFO] IPUIPlugin:80 - create IPUIPlugin
2024-05-21 18:59:59,495 [INFO] PluginManager:220 - loadIPPluginJar : add sai
2024-05-21 18:59:59,498 [INFO] IPUIPlugin:80 - create IPUIPlugin
2024-05-21 18:59:59,498 [INFO] PluginManager:220 - loadIPPluginJar : add spi
2024-05-21 18:59:59,504 [INFO] IPUIPlugin:80 - create IPUIPlugin
2024-05-21 18:59:59,504 [INFO] PluginManager:220 - loadIPPluginJar : add stm32_wpan
2024-05-21 18:59:59,506 [INFO] IPUIPlugin:80 - create IPUIPlugin
2024-05-21 18:59:59,506 [INFO] PluginManager:220 - loadIPPluginJar : add tim
2024-05-21 18:59:59,510 [INFO] IPUIPlugin:80 - create IPUIPlugin
2024-05-21 18:59:59,510 [INFO] PluginManager:220 - loadIPPluginJar : add touchsensing
2024-05-21 18:59:59,513 [INFO] IPUIPlugin:80 - create IPUIPlugin
2024-05-21 18:59:59,513 [INFO] PluginManager:220 - loadIPPluginJar : add tracer_emb
2024-05-21 18:59:59,515 [INFO] IPUIPlugin:80 - create IPUIPlugin
2024-05-21 18:59:59,516 [INFO] PluginManager:220 - loadIPPluginJar : add ts
2024-05-21 18:59:59,517 [INFO] IPUIPlugin:80 - create IPUIPlugin
2024-05-21 18:59:59,517 [INFO] PluginManager:220 - loadIPPluginJar : add tsc
2024-05-21 18:59:59,519 [INFO] IPUIPlugin:80 - create IPUIPlugin
2024-05-21 18:59:59,519 [INFO] PluginManager:220 - loadIPPluginJar : add ucpd
2024-05-21 18:59:59,522 [INFO] IPUIPlugin:80 - create IPUIPlugin
2024-05-21 18:59:59,522 [INFO] PluginManager:220 - loadIPPluginJar : add usart
2024-05-21 18:59:59,525 [INFO] IPUIPlugin:80 - create IPUIPlugin
2024-05-21 18:59:59,525 [INFO] PluginManager:220 - loadIPPluginJar : add usbx
2024-05-21 18:59:59,666 [INFO] CADModel:165 - CPN selected for project level
2024-05-21 18:59:59,666 [INFO] CADModel:114 - Register for checkConnection events
2024-05-21 18:59:59,666 [FATAL] Updater:308 - Updater called before beeing initialized
2024-05-21 18:59:59,666 [ERROR] CADModel:125 - Updater not yet initialized, retry later 
2024-05-21 18:59:59,803 [INFO] CADModel:165 - CPN selected for project level
2024-05-21 18:59:59,803 [INFO] CADModel:114 - Register for checkConnection events
2024-05-21 18:59:59,803 [FATAL] Updater:308 - Updater called before beeing initialized
2024-05-21 18:59:59,803 [ERROR] CADModel:125 - Updater not yet initialized, retry later 
2024-05-21 18:59:59,805 [FATAL] Updater:308 - Updater called before beeing initialized
2024-05-21 18:59:59,942 [FATAL] Updater:308 - Updater called before beeing initialized
2024-05-21 18:59:59,945 [INFO] DbMcusAds:53 - JSON generation date=Thu May 16 16:22:00 ICT 2024 (1715851320852)
2024-05-21 18:59:59,946 [FATAL] Updater:308 - Updater called before beeing initialized
2024-05-21 18:59:59,987 [WARN] DetailPanel:346 - Failed to get advertising image, set to default
2024-05-21 19:00:00,125 [FATAL] Updater:308 - Updater called before beeing initialized
2024-05-21 19:00:00,127 [FATAL] Updater:308 - Updater called before beeing initialized
2024-05-21 19:00:00,128 [FATAL] Updater:308 - Updater called before beeing initialized
2024-05-21 19:00:00,128 [WARN] DetailPanel:346 - Failed to get advertising image, set to default
2024-05-21 19:00:00,129 [FATAL] Updater:308 - Updater called before beeing initialized
2024-05-21 19:00:00,189 [ERROR] Updater:1120 - MainUpdater not yet initialized. External WinMGr cannot be set.
2024-05-21 19:00:00,192 [INFO] Updater:1056 - Updater Version found : 6.11.0
2024-05-21 19:00:00,209 [INFO] ApplicationProperties:184 - Using Application install path: C:\ST\STM32CubeIDE_1.14.1\STM32CubeIDE\plugins\com.st.stm32cube.common.mx_6.11.0.202403141607
2024-05-21 19:00:01,785 [ERROR] LogOutputStream:75 - [STDERR_REDIRECT] May 21, 2024 7:00:01 PM java.util.prefs.WindowsPreferences <init>
2024-05-21 19:00:01,787 [ERROR] LogOutputStream:75 - [STDERR_REDIRECT] WARNING: Could not open/create prefs root node Software\JavaSoft\Prefs at root 0xffffffff80000002. Windows RegCreateKeyEx(...) returned error code 5.
2024-05-21 19:00:01,787 [ERROR] LogOutputStream:75 - [STDERR_REDIRECT] 
2024-05-21 19:00:01,858 [INFO] ThirdPartyUpdaterWithRetryManager:70 - Updater plugin not ready yet. [2/15]
2024-05-21 19:00:02,954 [INFO] MainUpdater:2873 - connection check result : 10
2024-05-21 19:00:02,955 [INFO] MainUpdater:290 - Updater Check For Update Now.
2024-05-21 19:00:02,955 [INFO] MicroXplorer:498 - Change Database Version : DB.6.0.110
2024-05-21 19:00:02,964 [INFO] McuFinderGlobals:63 - Set McuFinder mode to 2 (CubeIDE integrated)
2024-05-21 19:00:02,974 [INFO] UserAuth:415 - Internet connection configuration mode: 1
2024-05-21 19:00:03,013 [INFO] JxBrowserEngine:152 - Initiate JxBrowser Engine with user profile folder
2024-05-21 19:00:03,163 [INFO] CheckServerUpdateThread:120 - End of CheckServer Thread
2024-05-21 19:00:05,126 [WARN] PackLoader:240 - Cannot read IP mode file for STMicroelectronics.FP-SNS-MOTENVWB1.1.4.0
2024-05-21 19:00:05,149 [WARN] PackLoader:240 - Cannot read IP mode file for STMicroelectronics.X-CUBE-SMBUS.2.1.0
2024-05-21 19:00:05,156 [WARN] PackLoader:240 - Cannot read IP mode file for STMicroelectronics.X-CUBE-TOUCHGFX.4.23.1
2024-05-21 19:00:05,160 [WARN] PackLoader:240 - Cannot read IP mode file for STMicroelectronics.X-CUBE-TOUCHGFX.4.23.0
2024-05-21 19:00:05,163 [WARN] PackLoader:240 - Cannot read IP mode file for STMicroelectronics.X-CUBE-TOUCHGFX.4.23.2
2024-05-21 19:00:05,222 [WARN] PackLoader:240 - Cannot read IP mode file for STMicroelectronics.X-CUBE-AZRTOS-F7.1.1.0
2024-05-21 19:00:05,233 [WARN] PackLoader:240 - Cannot read IP mode file for STMicroelectronics.FP-SNS-MOTENV1.4.3.2
2024-05-21 19:00:05,246 [WARN] PackLoader:240 - Cannot read IP mode file for STMicroelectronics.FP-SNS-FLIGHT1.5.0.2
2024-05-21 19:00:05,260 [WARN] PackLoader:240 - Cannot read IP mode file for STMicroelectronics.X-CUBE-DISPLAY.3.0.0
2024-05-21 19:00:05,279 [WARN] PackLoader:240 - Cannot read IP mode file for STMicroelectronics.X-CUBE-BLE1.7.0.0
2024-05-21 19:00:05,287 [WARN] PackLoader:240 - Cannot read IP mode file for emotas.I-CUBE-CANOPEN.1.3.0
2024-05-21 19:00:05,291 [WARN] PackLoader:240 - Cannot read IP mode file for STMicroelectronics.X-CUBE-TOUCHGFX.4.22.1
2024-05-21 19:00:05,308 [WARN] PackLoader:240 - Cannot read IP mode file for STMicroelectronics.X-CUBE-BLEMGR.3.1.0
2024-05-21 19:00:05,320 [WARN] PackLoader:240 - Cannot read IP mode file for STMicroelectronics.FP-SNS-SMARTAG2.1.2.0
2024-05-21 19:00:05,336 [INFO] LogOutputStream:77 - [STDOUT_REDIRECT] 1 : Invalid condition id : UX_CORESTACK_Condition cause : null
2024-05-21 19:00:05,336 [INFO] LogOutputStream:77 - [STDOUT_REDIRECT] 1 : Invalid condition id : UX_CORESTACK_Condition cause : null
2024-05-21 19:00:05,338 [INFO] LogOutputStream:77 - [STDOUT_REDIRECT] 1 : Invalid condition id : UX_CORESTACK_Condition cause : null
2024-05-21 19:00:05,339 [INFO] LogOutputStream:77 - [STDOUT_REDIRECT] 1 : Invalid condition id : UX_CORESTACK_Condition cause : null
2024-05-21 19:00:05,341 [INFO] LogOutputStream:77 - [STDOUT_REDIRECT] 1 : Invalid condition id : UX_CORESTACK_Condition cause : null
2024-05-21 19:00:05,348 [WARN] PackLoader:240 - Cannot read IP mode file for STMicroelectronics.X-CUBE-AZRTOS-WL.2.0.0
2024-05-21 19:00:05,355 [WARN] PackLoader:240 - Cannot read IP mode file for STMicroelectronics.FP-SNS-MOTENV1.5.0.0
2024-05-21 19:00:05,369 [WARN] PackLoader:240 - Cannot read IP mode file for WES.I-CUBE-Cesium.1.3.0
2024-05-21 19:00:05,375 [WARN] PackLoader:240 - Cannot read IP mode file for STMicroelectronics.X-CUBE-BLE2.3.3.0
2024-05-21 19:00:05,385 [WARN] PackLoader:240 - Cannot read IP mode file for STMicroelectronics.X-CUBE-TCPP.4.1.0
2024-05-21 19:00:05,396 [WARN] PackLoader:240 - Cannot read IP mode file for STMicroelectronics.X-CUBE-ALGOBUILD.1.3.0
2024-05-21 19:00:05,419 [WARN] PackLoader:240 - Cannot read IP mode file for STMicroelectronics.X-CUBE-AZRTOS-G0.1.1.0
2024-05-21 19:00:05,429 [WARN] PackLoader:240 - Cannot read IP mode file for STMicroelectronics.X-CUBE-SAFEA1.1.2.2
2024-05-21 19:00:05,437 [WARN] PackLoader:240 - Cannot read IP mode file for STMicroelectronics.X-CUBE-NFC4.3.0.0
2024-05-21 19:00:05,446 [WARN] PackLoader:240 - Cannot read IP mode file for STMicroelectronics.X-CUBE-BLEMGR.3.0.0
2024-05-21 19:00:05,452 [WARN] PackLoader:240 - Cannot read IP mode file for STMicroelectronics.FP-ATR-SIGFOX1.3.2.0
2024-05-21 19:00:05,459 [WARN] PackLoader:240 - Cannot read IP mode file for STMicroelectronics.X-CUBE-EEPRMA1.5.1.0
2024-05-21 19:00:05,506 [WARN] PackLoader:240 - Cannot read IP mode file for SEGGER.I-CUBE-embOS.1.3.1
2024-05-21 19:00:05,570 [WARN] PackLoader:240 - Cannot read IP mode file for STMicroelectronics.X-CUBE-ALGOBUILD.1.4.0
2024-05-21 19:00:05,577 [WARN] PackLoader:240 - Cannot read IP mode file for STMicroelectronics.X-CUBE-GNSS1.6.0.0
2024-05-21 19:00:05,602 [WARN] PackLoader:240 - Cannot read IP mode file for STMicroelectronics.X-CUBE-AZRTOS-F4.1.1.0
2024-05-21 19:00:05,612 [WARN] PackLoader:240 - Cannot read IP mode file for wolfSSL.I-CUBE-wolfSSL.5.6.3
2024-05-21 19:00:05,626 [WARN] PackLoader:240 - Cannot read IP mode file for STMicroelectronics.X-CUBE-FREERTOS.1.2.0
2024-05-21 19:00:05,631 [WARN] PackLoader:240 - Cannot read IP mode file for wolfSSL.I-CUBE-wolfSSL.5.6.6
2024-05-21 19:00:05,658 [WARN] PackLoader:240 - Cannot read IP mode file for STMicroelectronics.X-CUBE-AZRTOS-L5.2.0.0
2024-05-21 19:00:05,702 [WARN] PackLoader:240 - Cannot read IP mode file for STMicroelectronics.X-CUBE-MEMS1.9.6.0
2024-05-21 19:00:05,904 [WARN] PackLoader:240 - Cannot read IP mode file for STMicroelectronics.X-CUBE-EEPRMA1.4.2.0
2024-05-21 19:00:05,912 [WARN] PackLoader:240 - Cannot read IP mode file for STMicroelectronics.X-CUBE-NFC6.3.1.0
2024-05-21 19:00:05,919 [WARN] PackLoader:240 - Cannot read IP mode file for ITTIA_DB.I-CUBE-ITTIADB.8.8.0
2024-05-21 19:00:05,959 [WARN] PackLoader:240 - Cannot read IP mode file for STMicroelectronics.X-CUBE-BLEMGR.2.0.0
2024-05-21 19:00:05,965 [WARN] PackLoader:240 - Cannot read IP mode file for STMicroelectronics.X-CUBE-AI.9.0.0
2024-05-21 19:00:05,985 [WARN] ConditionMgr:438 - getConditionDescription Invalid condition id : UX DEVICE CLASS RTOS Condition cause : null
2024-05-21 19:00:05,985 [WARN] ConditionMgr:438 - getConditionDescription Invalid condition id : UX DEVICE CLASS RTOS Condition cause : null
2024-05-21 19:00:05,990 [WARN] PackLoader:240 - Cannot read IP mode file for STMicroelectronics.X-CUBE-AZRTOS-H7.3.1.0
2024-05-21 19:00:05,992 [WARN] ConditionMgr:1039 - genDependencies : Invalid condition id : UX DEVICE CLASS RTOS Condition cause : null
2024-05-21 19:00:05,992 [WARN] ConditionMgr:1039 - genDependencies : Invalid condition id : UX DEVICE CLASS RTOS Condition cause : null
2024-05-21 19:00:05,993 [WARN] ConditionMgr:1039 - genDependencies : Invalid condition id : UX DEVICE CLASS RTOS Condition cause : null
2024-05-21 19:00:05,993 [WARN] ConditionMgr:1039 - genDependencies : Invalid condition id : UX DEVICE CLASS RTOS Condition cause : null
2024-05-21 19:00:05,993 [WARN] ConditionMgr:1039 - genDependencies : Invalid condition id : UX DEVICE CLASS RTOS Condition cause : null
2024-05-21 19:00:05,998 [WARN] PackLoader:240 - Cannot read IP mode file for STMicroelectronics.X-CUBE-NFC7.1.0.1
2024-05-21 19:00:06,006 [WARN] PackLoader:240 - Cannot read IP mode file for STMicroelectronics.X-CUBE-NFC6.3.0.0
2024-05-21 19:00:06,015 [WARN] PackLoader:240 - Cannot read IP mode file for STMicroelectronics.X-CUBE-EEPRMA1.4.1.0
2024-05-21 19:00:06,019 [WARN] PackLoader:240 - Cannot read IP mode file for STMicroelectronics.X-CUBE-AI.8.1.0
2024-05-21 19:00:06,032 [WARN] ConditionMgr:438 - getConditionDescription Invalid condition id : LAN8742 Phy interface Condition cause : null
2024-05-21 19:00:06,033 [WARN] PackLoader:240 - Cannot read IP mode file for STMicroelectronics.X-CUBE-AZRTOS-L4.2.0.0
2024-05-21 19:00:06,033 [WARN] ConditionMgr:1039 - genDependencies : Invalid condition id : LAN8742 Phy interface Condition cause : null
2024-05-21 19:00:06,033 [WARN] ConditionMgr:1039 - genDependencies : Invalid condition id : LAN8742 Phy interface Condition cause : null
2024-05-21 19:00:06,034 [WARN] ConditionMgr:1039 - genDependencies : Invalid condition id : LAN8742 Phy interface Condition cause : null
2024-05-21 19:00:06,089 [WARN] PackLoader:240 - Cannot read IP mode file for STMicroelectronics.X-CUBE-SFXS2LP1.4.0.0
2024-05-21 19:00:06,094 [WARN] PackLoader:240 - Cannot read IP mode file for STMicroelectronics.X-CUBE-ISPU.1.1.0
2024-05-21 19:00:06,106 [WARN] ConditionMgr:438 - getConditionDescription Invalid condition id : UX DEVICE CLASS RTOS Condition cause : null
2024-05-21 19:00:06,106 [WARN] ConditionMgr:438 - getConditionDescription Invalid condition id : UX DEVICE CLASS RTOS Condition cause : null
2024-05-21 19:00:06,109 [WARN] PackLoader:240 - Cannot read IP mode file for STMicroelectronics.X-CUBE-AZRTOS-WB.2.0.0
2024-05-21 19:00:06,109 [WARN] ConditionMgr:1039 - genDependencies : Invalid condition id : UX DEVICE CLASS RTOS Condition cause : null
2024-05-21 19:00:06,109 [WARN] ConditionMgr:1039 - genDependencies : Invalid condition id : UX DEVICE CLASS RTOS Condition cause : null
2024-05-21 19:00:06,110 [WARN] ConditionMgr:1039 - genDependencies : Invalid condition id : UX DEVICE CLASS RTOS Condition cause : null
2024-05-21 19:00:06,110 [WARN] ConditionMgr:1039 - genDependencies : Invalid condition id : UX DEVICE CLASS RTOS Condition cause : null
2024-05-21 19:00:06,110 [WARN] ConditionMgr:1039 - genDependencies : Invalid condition id : UX DEVICE CLASS RTOS Condition cause : null
2024-05-21 19:00:06,122 [WARN] PackLoader:240 - Cannot read IP mode file for STMicroelectronics.X-CUBE-SUBG2.5.0.0
2024-05-21 19:00:06,137 [WARN] PackLoader:240 - Cannot read IP mode file for STMicroelectronics.X-CUBE-TOF1.3.3.1
2024-05-21 19:00:06,157 [WARN] PackLoader:240 - Cannot read IP mode file for STMicroelectronics.X-CUBE-AZRTOS-G4.2.0.0
2024-05-21 19:00:06,170 [WARN] PackLoader:240 - Cannot read IP mode file for Infineon.AIROC-Wi-Fi-Bluetooth-STM32.1.5.1
2024-05-21 19:00:06,176 [WARN] PackLoader:240 - Cannot read IP mode file for STMicroelectronics.FP-SNS-MOTENVWB1.1.3.0
2024-05-21 19:00:06,180 [WARN] PackLoader:240 - Cannot read IP mode file for STMicroelectronics.FP-SNS-MOTENVWB1.1.3.1
2024-05-21 19:00:06,184 [WARN] PackLoader:240 - Cannot read IP mode file for STMicroelectronics.X-CUBE-ISPU.2.0.0
2024-05-21 19:00:06,220 [WARN] PackLoader:240 - Cannot read IP mode file for STMicroelectronics.X-CUBE-MEMS1.10.0.0
2024-05-21 19:00:06,324 [WARN] PackLoader:240 - Cannot read IP mode file for STMicroelectronics.X-CUBE-FREERTOS.1.1.0
2024-05-21 19:00:06,331 [WARN] PackLoader:240 - Cannot read IP mode file for portGmbH.I-Cube-SoM-uGOAL.1.1.0
2024-05-21 19:00:06,337 [WARN] PackLoader:240 - Cannot read IP mode file for STMicroelectronics.X-CUBE-ALS.1.0.1
2024-05-21 19:00:06,355 [WARN] PackLoader:240 - Cannot read IP mode file for STMicroelectronics.X-CUBE-AZRTOS-H7RS.1.0.0
2024-05-21 19:00:06,361 [WARN] PackLoader:240 - Cannot read IP mode file for STMicroelectronics.FP-ATR-ASTRA1.2.0.0
2024-05-21 19:00:06,370 [WARN] PackLoader:240 - Cannot read IP mode file for STMicroelectronics.X-CUBE-TOF1.3.4.0
2024-05-21 19:00:06,387 [WARN] PackLoader:240 - Cannot read IP mode file for STMicroelectronics.X-CUBE-TOF1.3.4.1
2024-05-21 19:00:06,416 [WARN] PackLoader:240 - Cannot read IP mode file for STMicroelectronics.X-CUBE-AZRTOS-H7.3.2.0
2024-05-21 19:00:06,419 [INFO] ThirdParty:978 - Integrity check success = true
2024-05-21 19:00:06,419 [INFO] IntegrityCheckThread:100 - exiting critical section [integrity check]
2024-05-21 19:00:06,419 [INFO] IntegrityCheckThread:103 - End integrity checks thread
2024-05-21 19:00:08,862 [INFO] WebApp:161 - Instantiating new browser for Auth
2024-05-21 19:00:09,639 [INFO] WebApp:779 - Register for checkConnection events
2024-05-21 19:00:09,640 [INFO] WebApp:414 - Apply proxy settings
2024-05-21 19:00:09,640 [INFO] WebApp:499 - Chromium requires no authentication
2024-05-21 19:00:09,648 [INFO] WebApp:442 - Direct internet connection detected
2024-05-21 19:00:09,864 [INFO] WebApp:192 - Starting web application
2024-05-21 19:00:09,864 [INFO] WebApp:544 - Web application path used C:\ST\STM32CubeIDE_1.14.1\STM32CubeIDE\plugins\com.st.stm32cube.common.mx_6.11.0.202403141607\db\plugins\mcufinder\reactClient1\index.html
2024-05-21 19:28:11,482 [ERROR] LogOutputStream:75 - [STDERR_REDIRECT] 
2024-05-21 19:28:11,483 [ERROR] LogOutputStream:75 - [STDERR_REDIRECT] 
2024-05-21 19:28:28,988 [INFO] Activator:176 - 


2024-05-21 19:28:28,990 [INFO] Activator:177 - !SESSION log4j initialized
2024-05-21 19:28:35,023 [INFO] LogOutputStream:77 - [STDOUT_REDIRECT] 
2024-05-21 19:28:36,344 [INFO] ApplicationProperties:184 - Using Application install path: C:\ST\STM32CubeIDE_1.14.1\STM32CubeIDE\plugins\com.st.stm32cube.common.mx_6.11.0.202403141607
2024-05-21 19:28:36,365 [INFO] DbMcusXml:78 - Set database path to: C:\ST\STM32CubeIDE_1.14.1\STM32CubeIDE\plugins\com.st.stm32cube.common.mx_6.11.0.202403141607\\db\/mcu/
2024-05-21 19:28:36,366 [INFO] ApiDb:274 - Set plugin database path to: C:\ST\STM32CubeIDE_1.14.1\STM32CubeIDE\plugins\com.st.stm32cube.common.mx_6.11.0.202403141607\\db\/plugins/boardmanager/
2024-05-21 19:28:36,366 [WARN] ApiDb:259 - Overriding images path with different value:  => C:\ST\STM32CubeIDE_1.14.1\STM32CubeIDE\plugins\com.st.stm32cube.common.mx_6.11.0.202403141607\\db\/plugins/mcufinder/images/
2024-05-21 19:28:36,372 [INFO] ApiDb:250 - Set database path to: C:\Users\AAA\.stmcufinder\plugins\mcufinder//mcu/
2024-05-21 19:28:36,374 [INFO] DbMcusAds:125 - Set database path to: C:\Users\AAA\.stmcufinder\plugins\mcufinder//mcu/
2024-05-21 19:28:36,376 [INFO] CrossReferenceDbSqlite:203 - Set database path to: C:\Users\AAA\.stmcufinder\plugins\mcufinder//mcu/cs/
2024-05-21 19:28:36,562 [INFO] RulesReader:64 - Compatibility file has been processed (297 Rules)
2024-05-21 19:28:36,668 [INFO] DbMcusXml:78 - Set database path to: C:\ST\STM32CubeIDE_1.14.1\STM32CubeIDE\plugins\com.st.stm32cube.common.mx_6.11.0.202403141607\\db\/mcu/
2024-05-21 19:28:36,668 [INFO] ApiDb:274 - Set plugin database path to: C:\ST\STM32CubeIDE_1.14.1\STM32CubeIDE\plugins\com.st.stm32cube.common.mx_6.11.0.202403141607\\db\/plugins/boardmanager/
2024-05-21 19:28:36,668 [INFO] ApiDb:261 - Set plugin images path to: C:\ST\STM32CubeIDE_1.14.1\STM32CubeIDE\plugins\com.st.stm32cube.common.mx_6.11.0.202403141607\\db\/plugins/mcufinder/images/
2024-05-21 19:28:36,669 [WARN] DbFile:41 - Overriding database path with different value: C:\Users\AAA\.stmcufinder\plugins\mcufinder/ => C:\Users\AAA\.stmcufinder\plugins\mcufinder
2024-05-21 19:28:36,669 [INFO] ApiDb:250 - Set database path to: C:\Users\AAA\.stmcufinder\plugins\mcufinder//mcu/
2024-05-21 19:28:36,669 [WARN] DbFile:41 - Overriding database path with different value: C:\Users\AAA\.stmcufinder\plugins\mcufinder/ => C:\Users\AAA\.stmcufinder\plugins\mcufinder
2024-05-21 19:28:36,669 [INFO] DbMcusAds:125 - Set database path to: C:\Users\AAA\.stmcufinder\plugins\mcufinder//mcu/
2024-05-21 19:28:36,669 [WARN] DbFile:41 - Overriding database path with different value: C:\Users\AAA\.stmcufinder\plugins\mcufinder/ => C:\Users\AAA\.stmcufinder\plugins\mcufinder
2024-05-21 19:28:36,669 [WARN] DbFile:41 - Overriding database path with different value: C:\Users\AAA\.stmcufinder\plugins\mcufinder/ => C:\Users\AAA\.stmcufinder\plugins\mcufinder
2024-05-21 19:28:36,670 [INFO] CrossReferenceDbSqlite:203 - Set database path to: C:\Users\AAA\.stmcufinder\plugins\mcufinder//mcu/cs/
2024-05-21 19:28:36,764 [INFO] MainPanel:264 - HeapMemory: 274726912
2024-05-21 19:28:36,846 [INFO] DbMcusXml:78 - Set database path to: C:\ST\STM32CubeIDE_1.14.1\STM32CubeIDE\plugins\com.st.stm32cube.common.mx_6.11.0.202403141607\\db\/mcu/
2024-05-21 19:28:36,846 [INFO] ApiDb:274 - Set plugin database path to: C:\ST\STM32CubeIDE_1.14.1\STM32CubeIDE\plugins\com.st.stm32cube.common.mx_6.11.0.202403141607\\db\/plugins/boardmanager/
2024-05-21 19:28:36,846 [INFO] ApiDb:261 - Set plugin images path to: C:\ST\STM32CubeIDE_1.14.1\STM32CubeIDE\plugins\com.st.stm32cube.common.mx_6.11.0.202403141607\\db\/plugins/mcufinder/images/
2024-05-21 19:28:36,847 [WARN] DbFile:41 - Overriding database path with different value: C:\Users\AAA\.stmcufinder\plugins\mcufinder/ => C:\Users\AAA\.stmcufinder\plugins\mcufinder
2024-05-21 19:28:36,847 [INFO] ApiDb:250 - Set database path to: C:\Users\AAA\.stmcufinder\plugins\mcufinder//mcu/
2024-05-21 19:28:36,847 [WARN] DbFile:41 - Overriding database path with different value: C:\Users\AAA\.stmcufinder\plugins\mcufinder/ => C:\Users\AAA\.stmcufinder\plugins\mcufinder
2024-05-21 19:28:36,847 [INFO] DbMcusAds:125 - Set database path to: C:\Users\AAA\.stmcufinder\plugins\mcufinder//mcu/
2024-05-21 19:28:36,847 [WARN] DbFile:41 - Overriding database path with different value: C:\Users\AAA\.stmcufinder\plugins\mcufinder/ => C:\Users\AAA\.stmcufinder\plugins\mcufinder
2024-05-21 19:28:36,848 [WARN] DbFile:41 - Overriding database path with different value: C:\Users\AAA\.stmcufinder\plugins\mcufinder/ => C:\Users\AAA\.stmcufinder\plugins\mcufinder
2024-05-21 19:28:36,848 [INFO] CrossReferenceDbSqlite:203 - Set database path to: C:\Users\AAA\.stmcufinder\plugins\mcufinder//mcu/cs/
2024-05-21 19:28:36,875 [INFO] ApplicationProperties:184 - Using Application install path: C:\ST\STM32CubeIDE_1.14.1\STM32CubeIDE\plugins\com.st.stm32cube.common.mx_6.11.0.202403141607
2024-05-21 19:28:36,883 [INFO] PluginManage:196 - Search for loadable plugins [exclusion list=, ]
2024-05-21 19:28:36,886 [INFO] PluginManage:310 - Check plugin analytics
2024-05-21 19:28:37,115 [INFO] AnalyticsPlugin:253 - Accepted Software Licenses: 
2024-05-21 19:28:37,115 [INFO] AnalyticsPlugin:255 - Accepted CMSIS Pack Licenses: ARM.CMSIS.6.0.0
2024-05-21 19:28:37,115 [INFO] AnalyticsPlugin:257 - Accepted Firmware Licenses: 
2024-05-21 19:28:37,119 [INFO] PluginManage:359 - Loaded plugin analytics (category:tool,tabindex:-1)
2024-05-21 19:28:37,119 [INFO] PluginManage:310 - Check plugin cadmodel
2024-05-21 19:28:37,123 [INFO] CADModel:105 - Init CAD model plugin
2024-05-21 19:28:37,124 [INFO] PluginManage:359 - Loaded plugin cadmodel (category:power,tabindex:5)
2024-05-21 19:28:37,124 [INFO] PluginManage:310 - Check plugin clock
2024-05-21 19:28:37,135 [INFO] PluginManage:359 - Loaded plugin clock (category:base,tabindex:2)
2024-05-21 19:28:37,135 [INFO] PluginManage:310 - Check plugin ddr
2024-05-21 19:28:37,138 [INFO] PluginManage:359 - Loaded plugin ddr (category:tool,tabindex:6)
2024-05-21 19:28:37,138 [INFO] PluginManage:310 - Check plugin filemanager
2024-05-21 19:28:37,315 [INFO] PluginManage:359 - Loaded plugin filemanager (category:base,tabindex:10)
2024-05-21 19:28:37,315 [INFO] PluginManage:310 - Check plugin ipmanager
2024-05-21 19:28:37,324 [INFO] PluginManage:359 - Loaded plugin ipmanager (category:base,tabindex:5)
2024-05-21 19:28:37,324 [INFO] PluginManage:310 - Check plugin lpbam
2024-05-21 19:28:37,331 [INFO] PluginManage:359 - Loaded plugin lpbam (category:base,tabindex:0)
2024-05-21 19:28:37,332 [INFO] PluginManage:310 - Check plugin memorymap
2024-05-21 19:28:37,344 [INFO] PluginManage:359 - Loaded plugin memorymap (category:base,tabindex:4)
2024-05-21 19:28:37,344 [INFO] PluginManage:310 - Check plugin pinoutandconfiguration
2024-05-21 19:28:37,352 [INFO] PluginManage:359 - Loaded plugin pinoutandconfiguration (category:base,tabindex:1)
2024-05-21 19:28:37,352 [INFO] PluginManage:310 - Check plugin pinoutconfig
2024-05-21 19:28:37,484 [WARN] SupportedApi:132 - Cannot load RTOS API schema: s4s-elt-must-match.1: The content of 'definitions' must match (annotation?, (simpleType | complexType)?, (unique | key | keyref)*)). A problem was found starting at: attribute.
2024-05-21 19:28:37,741 [INFO] PluginManage:359 - Loaded plugin pinoutconfig (category:base,tabindex:0)
2024-05-21 19:28:37,742 [INFO] PluginManage:310 - Check plugin power
2024-05-21 19:28:37,752 [INFO] PluginManage:359 - Loaded plugin power (category:power,tabindex:4)
2024-05-21 19:28:37,752 [INFO] PluginManage:310 - Check plugin projectmanager
2024-05-21 19:28:37,775 [INFO] PluginManage:359 - Loaded plugin projectmanager (category:projectmanager,tabindex:3)
2024-05-21 19:28:37,776 [INFO] PluginManage:310 - Check plugin thirdparty
2024-05-21 19:28:37,933 [WARN] IntegrityCheckThread:84 - waiting for thirdparty lock release [integrity check]
2024-05-21 19:28:37,934 [INFO] IntegrityCheckThread:86 - entering critical section [integrity check]
2024-05-21 19:28:37,934 [INFO] PluginManage:359 - Loaded plugin thirdparty (category:base,tabindex:-1)
2024-05-21 19:28:37,934 [INFO] PluginManage:310 - Check plugin tools
2024-05-21 19:28:37,934 [INFO] ThirdPartyUpdaterWithRetryManager:70 - Updater plugin not ready yet. [1/15]
2024-05-21 19:28:37,937 [INFO] PluginManage:359 - Loaded plugin tools (category:base,tabindex:7)
2024-05-21 19:28:37,937 [INFO] PluginManage:310 - Check plugin tutovideos
2024-05-21 19:28:38,191 [INFO] PluginManage:359 - Loaded plugin tutovideos (category:base,tabindex:-1)
2024-05-21 19:28:38,191 [INFO] PluginManage:310 - Check plugin updater
2024-05-21 19:28:38,203 [INFO] PluginManage:359 - Loaded plugin updater (category:base,tabindex:12)
2024-05-21 19:28:38,203 [INFO] PluginManage:310 - Check plugin userauth
2024-05-21 19:28:38,209 [INFO] UserAuth:114 - Init User Auth plugin
2024-05-21 19:28:38,210 [INFO] PluginManage:359 - Loaded plugin userauth (category:base,tabindex:14)
2024-05-21 19:28:38,210 [INFO] PluginManage:283 - PluginManage : Loaded plugins [17]
2024-05-21 19:28:38,514 [INFO] PinOutPanel:1561 - setPackage(No Configuration,No Configuration)
2024-05-21 19:28:38,622 [INFO] CADModel:165 - CPN selected for project level
2024-05-21 19:28:38,622 [INFO] CADModel:114 - Register for checkConnection events
2024-05-21 19:28:38,640 [INFO] IPUIPlugin:80 - create IPUIPlugin
2024-05-21 19:28:38,640 [INFO] PluginManager:220 - loadIPPluginJar : add adc
2024-05-21 19:28:38,643 [INFO] IPUIPlugin:80 - create IPUIPlugin
2024-05-21 19:28:38,643 [INFO] PluginManager:220 - loadIPPluginJar : add aes
2024-05-21 19:28:38,647 [INFO] IPUIPlugin:80 - create IPUIPlugin
2024-05-21 19:28:38,647 [INFO] PluginManager:220 - loadIPPluginJar : add can
2024-05-21 19:28:38,649 [INFO] IPUIPlugin:80 - create IPUIPlugin
2024-05-21 19:28:38,649 [INFO] PluginManager:220 - loadIPPluginJar : add comp
2024-05-21 19:28:38,652 [INFO] IPUIPlugin:80 - create IPUIPlugin
2024-05-21 19:28:38,652 [INFO] PluginManager:220 - loadIPPluginJar : add cryp
2024-05-21 19:28:38,655 [INFO] IPUIPlugin:80 - create IPUIPlugin
2024-05-21 19:28:38,655 [INFO] PluginManager:220 - loadIPPluginJar : add dfsdm
2024-05-21 19:28:38,662 [INFO] IPUIPlugin:80 - create IPUIPlugin
2024-05-21 19:28:38,662 [INFO] PluginManager:220 - loadIPPluginJar : add dma
2024-05-21 19:28:38,666 [INFO] IPUIPlugin:80 - create IPUIPlugin
2024-05-21 19:28:38,666 [INFO] PluginManager:220 - loadIPPluginJar : add dma3
2024-05-21 19:28:38,669 [INFO] IPUIPlugin:80 - create IPUIPlugin
2024-05-21 19:28:38,669 [INFO] PluginManager:220 - loadIPPluginJar : add extmemmanager
2024-05-21 19:28:38,671 [INFO] IPUIPlugin:80 - create IPUIPlugin
2024-05-21 19:28:38,672 [INFO] PluginManager:220 - loadIPPluginJar : add fatfs
2024-05-21 19:28:38,677 [INFO] IPUIPlugin:80 - create IPUIPlugin
2024-05-21 19:28:38,678 [INFO] PluginManager:220 - loadIPPluginJar : add fmc
2024-05-21 19:28:38,692 [INFO] IPUIPlugin:80 - create IPUIPlugin
2024-05-21 19:28:38,692 [INFO] PluginManager:220 - loadIPPluginJar : add freertos
2024-05-21 19:28:38,695 [INFO] IPUIPlugin:80 - create IPUIPlugin
2024-05-21 19:28:38,695 [INFO] PluginManager:220 - loadIPPluginJar : add genericplugin
2024-05-21 19:28:38,698 [INFO] IPUIPlugin:80 - create IPUIPlugin
2024-05-21 19:28:38,699 [INFO] PluginManager:220 - loadIPPluginJar : add gfxmmu
2024-05-21 19:28:38,705 [INFO] IPUIPlugin:80 - create IPUIPlugin
2024-05-21 19:28:38,705 [INFO] PluginManager:220 - loadIPPluginJar : add gic
2024-05-21 19:28:38,711 [INFO] IPUIPlugin:80 - create IPUIPlugin
2024-05-21 19:28:38,711 [INFO] PluginManager:220 - loadIPPluginJar : add gpio
2024-05-21 19:28:38,715 [INFO] IPUIPlugin:80 - create IPUIPlugin
2024-05-21 19:28:38,715 [INFO] PluginManager:220 - loadIPPluginJar : add gtzc
2024-05-21 19:28:38,718 [INFO] IPUIPlugin:80 - create IPUIPlugin
2024-05-21 19:28:38,718 [INFO] PluginManager:220 - loadIPPluginJar : add hash
2024-05-21 19:28:38,722 [INFO] IPUIPlugin:80 - create IPUIPlugin
2024-05-21 19:28:38,722 [INFO] PluginManager:220 - loadIPPluginJar : add i2c
2024-05-21 19:28:38,726 [INFO] IPUIPlugin:80 - create IPUIPlugin
2024-05-21 19:28:38,726 [INFO] PluginManager:220 - loadIPPluginJar : add i2s
2024-05-21 19:28:38,729 [INFO] IPUIPlugin:80 - create IPUIPlugin
2024-05-21 19:28:38,730 [INFO] PluginManager:220 - loadIPPluginJar : add i3c
2024-05-21 19:28:38,733 [INFO] IPUIPlugin:80 - create IPUIPlugin
2024-05-21 19:28:38,734 [INFO] PluginManager:220 - loadIPPluginJar : add ipddr
2024-05-21 19:28:38,740 [INFO] IPUIPlugin:80 - create IPUIPlugin
2024-05-21 19:28:38,741 [INFO] PluginManager:220 - loadIPPluginJar : add linkedlist
2024-05-21 19:28:38,744 [INFO] IPUIPlugin:80 - create IPUIPlugin
2024-05-21 19:28:38,745 [INFO] PluginManager:220 - loadIPPluginJar : add lorawan
2024-05-21 19:28:38,746 [INFO] IPUIPlugin:80 - create IPUIPlugin
2024-05-21 19:28:38,746 [INFO] PluginManager:220 - loadIPPluginJar : add ltdc
2024-05-21 19:28:38,752 [INFO] IPUIPlugin:80 - create IPUIPlugin
2024-05-21 19:28:38,752 [INFO] PluginManager:220 - loadIPPluginJar : add mdma
2024-05-21 19:28:38,755 [INFO] IPUIPlugin:80 - create IPUIPlugin
2024-05-21 19:28:38,755 [INFO] PluginManager:220 - loadIPPluginJar : add nvic
2024-05-21 19:28:38,758 [INFO] IPUIPlugin:80 - create IPUIPlugin
2024-05-21 19:28:38,759 [INFO] PluginManager:220 - loadIPPluginJar : add opamp
2024-05-21 19:28:38,762 [INFO] IPUIPlugin:80 - create IPUIPlugin
2024-05-21 19:28:38,762 [INFO] PluginManager:220 - loadIPPluginJar : add openamp
2024-05-21 19:28:38,765 [INFO] IPUIPlugin:80 - create IPUIPlugin
2024-05-21 19:28:38,765 [INFO] PluginManager:220 - loadIPPluginJar : add pdm2pcm
2024-05-21 19:28:38,771 [INFO] IPUIPlugin:80 - create IPUIPlugin
2024-05-21 19:28:38,775 [INFO] PluginManager:220 - loadIPPluginJar : add plateformsettings
2024-05-21 19:28:38,776 [INFO] IPUIPlugin:80 - create IPUIPlugin
2024-05-21 19:28:38,777 [INFO] PluginManager:220 - loadIPPluginJar : add quadspi
2024-05-21 19:28:38,780 [INFO] IPUIPlugin:80 - create IPUIPlugin
2024-05-21 19:28:38,781 [INFO] PluginManager:220 - loadIPPluginJar : add resmgrutility
2024-05-21 19:28:38,784 [INFO] IPUIPlugin:80 - create IPUIPlugin
2024-05-21 19:28:38,784 [INFO] PluginManager:220 - loadIPPluginJar : add sai
2024-05-21 19:28:38,787 [INFO] IPUIPlugin:80 - create IPUIPlugin
2024-05-21 19:28:38,787 [INFO] PluginManager:220 - loadIPPluginJar : add spi
2024-05-21 19:28:38,794 [INFO] IPUIPlugin:80 - create IPUIPlugin
2024-05-21 19:28:38,794 [INFO] PluginManager:220 - loadIPPluginJar : add stm32_wpan
2024-05-21 19:28:38,796 [INFO] IPUIPlugin:80 - create IPUIPlugin
2024-05-21 19:28:38,797 [INFO] PluginManager:220 - loadIPPluginJar : add tim
2024-05-21 19:28:38,800 [INFO] IPUIPlugin:80 - create IPUIPlugin
2024-05-21 19:28:38,800 [INFO] PluginManager:220 - loadIPPluginJar : add touchsensing
2024-05-21 19:28:38,802 [INFO] IPUIPlugin:80 - create IPUIPlugin
2024-05-21 19:28:38,802 [INFO] PluginManager:220 - loadIPPluginJar : add tracer_emb
2024-05-21 19:28:38,805 [INFO] IPUIPlugin:80 - create IPUIPlugin
2024-05-21 19:28:38,805 [INFO] PluginManager:220 - loadIPPluginJar : add ts
2024-05-21 19:28:38,807 [INFO] IPUIPlugin:80 - create IPUIPlugin
2024-05-21 19:28:38,807 [INFO] PluginManager:220 - loadIPPluginJar : add tsc
2024-05-21 19:28:38,810 [INFO] IPUIPlugin:80 - create IPUIPlugin
2024-05-21 19:28:38,810 [INFO] PluginManager:220 - loadIPPluginJar : add ucpd
2024-05-21 19:28:38,813 [INFO] IPUIPlugin:80 - create IPUIPlugin
2024-05-21 19:28:38,813 [INFO] PluginManager:220 - loadIPPluginJar : add usart
2024-05-21 19:28:38,817 [INFO] IPUIPlugin:80 - create IPUIPlugin
2024-05-21 19:28:38,817 [INFO] PluginManager:220 - loadIPPluginJar : add usbx
2024-05-21 19:28:38,962 [INFO] CADModel:165 - CPN selected for project level
2024-05-21 19:28:38,962 [INFO] CADModel:114 - Register for checkConnection events
2024-05-21 19:28:38,962 [FATAL] Updater:308 - Updater called before beeing initialized
2024-05-21 19:28:38,962 [ERROR] CADModel:125 - Updater not yet initialized, retry later 
2024-05-21 19:28:39,095 [INFO] CADModel:165 - CPN selected for project level
2024-05-21 19:28:39,095 [INFO] CADModel:114 - Register for checkConnection events
2024-05-21 19:28:39,095 [FATAL] Updater:308 - Updater called before beeing initialized
2024-05-21 19:28:39,095 [ERROR] CADModel:125 - Updater not yet initialized, retry later 
2024-05-21 19:28:39,098 [FATAL] Updater:308 - Updater called before beeing initialized
2024-05-21 19:28:39,247 [FATAL] Updater:308 - Updater called before beeing initialized
2024-05-21 19:28:39,255 [INFO] DbMcusAds:53 - JSON generation date=Thu May 16 16:22:00 ICT 2024 (1715851320852)
2024-05-21 19:28:39,255 [FATAL] Updater:308 - Updater called before beeing initialized
2024-05-21 19:28:39,303 [WARN] DetailPanel:346 - Failed to get advertising image, set to default
2024-05-21 19:28:39,406 [FATAL] Updater:308 - Updater called before beeing initialized
2024-05-21 19:28:39,407 [FATAL] Updater:308 - Updater called before beeing initialized
2024-05-21 19:28:39,407 [FATAL] Updater:308 - Updater called before beeing initialized
2024-05-21 19:28:39,407 [WARN] DetailPanel:346 - Failed to get advertising image, set to default
2024-05-21 19:28:39,408 [FATAL] Updater:308 - Updater called before beeing initialized
2024-05-21 19:28:39,456 [ERROR] Updater:1120 - MainUpdater not yet initialized. External WinMGr cannot be set.
2024-05-21 19:28:39,458 [INFO] Updater:1056 - Updater Version found : 6.11.0
2024-05-21 19:28:39,470 [INFO] ApplicationProperties:184 - Using Application install path: C:\ST\STM32CubeIDE_1.14.1\STM32CubeIDE\plugins\com.st.stm32cube.common.mx_6.11.0.202403141607
2024-05-21 19:28:40,936 [INFO] ThirdPartyUpdaterWithRetryManager:70 - Updater plugin not ready yet. [2/15]
2024-05-21 19:28:41,044 [ERROR] LogOutputStream:75 - [STDERR_REDIRECT] May 21, 2024 7:28:41 PM java.util.prefs.WindowsPreferences <init>
2024-05-21 19:28:41,048 [ERROR] LogOutputStream:75 - [STDERR_REDIRECT] WARNING: Could not open/create prefs root node Software\JavaSoft\Prefs at root 0xffffffff80000002. Windows RegCreateKeyEx(...) returned error code 5.
2024-05-21 19:28:41,048 [ERROR] LogOutputStream:75 - [STDERR_REDIRECT] 
2024-05-21 19:28:42,072 [INFO] MainUpdater:2873 - connection check result : 10
2024-05-21 19:28:42,073 [INFO] MainUpdater:290 - Updater Check For Update Now.
2024-05-21 19:28:42,073 [INFO] MicroXplorer:498 - Change Database Version : DB.6.0.110
2024-05-21 19:28:42,084 [INFO] McuFinderGlobals:63 - Set McuFinder mode to 2 (CubeIDE integrated)
2024-05-21 19:28:42,091 [INFO] UserAuth:415 - Internet connection configuration mode: 1
2024-05-21 19:28:42,108 [INFO] JxBrowserEngine:152 - Initiate JxBrowser Engine with user profile folder
2024-05-21 19:28:42,286 [INFO] CheckServerUpdateThread:120 - End of CheckServer Thread
2024-05-21 19:28:43,711 [INFO] WebApp:161 - Instantiating new browser for Auth
2024-05-21 19:28:44,278 [WARN] PackLoader:240 - Cannot read IP mode file for STMicroelectronics.FP-SNS-MOTENVWB1.1.4.0
2024-05-21 19:28:44,294 [WARN] PackLoader:240 - Cannot read IP mode file for STMicroelectronics.X-CUBE-SMBUS.2.1.0
2024-05-21 19:28:44,309 [WARN] PackLoader:240 - Cannot read IP mode file for STMicroelectronics.X-CUBE-TOUCHGFX.4.23.1
2024-05-21 19:28:44,314 [WARN] PackLoader:240 - Cannot read IP mode file for STMicroelectronics.X-CUBE-TOUCHGFX.4.23.0
2024-05-21 19:28:44,318 [WARN] PackLoader:240 - Cannot read IP mode file for STMicroelectronics.X-CUBE-TOUCHGFX.4.23.2
2024-05-21 19:28:44,369 [WARN] PackLoader:240 - Cannot read IP mode file for STMicroelectronics.X-CUBE-AZRTOS-F7.1.1.0
2024-05-21 19:28:44,387 [WARN] PackLoader:240 - Cannot read IP mode file for STMicroelectronics.FP-SNS-MOTENV1.4.3.2
2024-05-21 19:28:44,398 [WARN] PackLoader:240 - Cannot read IP mode file for STMicroelectronics.FP-SNS-FLIGHT1.5.0.2
2024-05-21 19:28:44,410 [WARN] PackLoader:240 - Cannot read IP mode file for STMicroelectronics.X-CUBE-DISPLAY.3.0.0
2024-05-21 19:28:44,428 [WARN] PackLoader:240 - Cannot read IP mode file for STMicroelectronics.X-CUBE-BLE1.7.0.0
2024-05-21 19:28:44,437 [WARN] PackLoader:240 - Cannot read IP mode file for emotas.I-CUBE-CANOPEN.1.3.0
2024-05-21 19:28:44,441 [WARN] PackLoader:240 - Cannot read IP mode file for STMicroelectronics.X-CUBE-TOUCHGFX.4.22.1
2024-05-21 19:28:44,455 [WARN] PackLoader:240 - Cannot read IP mode file for STMicroelectronics.X-CUBE-BLEMGR.3.1.0
2024-05-21 19:28:44,464 [WARN] PackLoader:240 - Cannot read IP mode file for STMicroelectronics.FP-SNS-SMARTAG2.1.2.0
2024-05-21 19:28:44,481 [INFO] LogOutputStream:77 - [STDOUT_REDIRECT] 1 : Invalid condition id : UX_CORESTACK_Condition cause : null
2024-05-21 19:28:44,481 [INFO] LogOutputStream:77 - [STDOUT_REDIRECT] 1 : Invalid condition id : UX_CORESTACK_Condition cause : null
2024-05-21 19:28:44,483 [INFO] LogOutputStream:77 - [STDOUT_REDIRECT] 1 : Invalid condition id : UX_CORESTACK_Condition cause : null
2024-05-21 19:28:44,484 [INFO] LogOutputStream:77 - [STDOUT_REDIRECT] 1 : Invalid condition id : UX_CORESTACK_Condition cause : null
2024-05-21 19:28:44,485 [INFO] LogOutputStream:77 - [STDOUT_REDIRECT] 1 : Invalid condition id : UX_CORESTACK_Condition cause : null
2024-05-21 19:28:44,491 [WARN] PackLoader:240 - Cannot read IP mode file for STMicroelectronics.X-CUBE-AZRTOS-WL.2.0.0
2024-05-21 19:28:44,497 [WARN] PackLoader:240 - Cannot read IP mode file for STMicroelectronics.FP-SNS-MOTENV1.5.0.0
2024-05-21 19:28:44,509 [WARN] PackLoader:240 - Cannot read IP mode file for WES.I-CUBE-Cesium.1.3.0
2024-05-21 19:28:44,515 [WARN] PackLoader:240 - Cannot read IP mode file for STMicroelectronics.X-CUBE-BLE2.3.3.0
2024-05-21 19:28:44,522 [WARN] PackLoader:240 - Cannot read IP mode file for STMicroelectronics.X-CUBE-TCPP.4.1.0
2024-05-21 19:28:44,531 [WARN] PackLoader:240 - Cannot read IP mode file for STMicroelectronics.X-CUBE-ALGOBUILD.1.3.0
2024-05-21 19:28:44,556 [WARN] PackLoader:240 - Cannot read IP mode file for STMicroelectronics.X-CUBE-AZRTOS-G0.1.1.0
2024-05-21 19:28:44,565 [WARN] PackLoader:240 - Cannot read IP mode file for STMicroelectronics.X-CUBE-SAFEA1.1.2.2
2024-05-21 19:28:44,574 [WARN] PackLoader:240 - Cannot read IP mode file for STMicroelectronics.X-CUBE-NFC4.3.0.0
2024-05-21 19:28:44,588 [WARN] PackLoader:240 - Cannot read IP mode file for STMicroelectronics.X-CUBE-BLEMGR.3.0.0
2024-05-21 19:28:44,596 [WARN] PackLoader:240 - Cannot read IP mode file for STMicroelectronics.FP-ATR-SIGFOX1.3.2.0
2024-05-21 19:28:44,604 [WARN] PackLoader:240 - Cannot read IP mode file for STMicroelectronics.X-CUBE-EEPRMA1.5.1.0
2024-05-21 19:28:44,640 [WARN] PackLoader:240 - Cannot read IP mode file for SEGGER.I-CUBE-embOS.1.3.1
2024-05-21 19:28:44,642 [INFO] WebApp:779 - Register for checkConnection events
2024-05-21 19:28:44,643 [INFO] WebApp:414 - Apply proxy settings
2024-05-21 19:28:44,643 [INFO] WebApp:499 - Chromium requires no authentication
2024-05-21 19:28:44,659 [INFO] WebApp:442 - Direct internet connection detected
2024-05-21 19:28:44,697 [WARN] PackLoader:240 - Cannot read IP mode file for STMicroelectronics.X-CUBE-ALGOBUILD.1.4.0
2024-05-21 19:28:44,705 [WARN] PackLoader:240 - Cannot read IP mode file for STMicroelectronics.X-CUBE-GNSS1.6.0.0
2024-05-21 19:28:44,727 [WARN] PackLoader:240 - Cannot read IP mode file for STMicroelectronics.X-CUBE-AZRTOS-F4.1.1.0
2024-05-21 19:28:44,735 [WARN] PackLoader:240 - Cannot read IP mode file for wolfSSL.I-CUBE-wolfSSL.5.6.3
2024-05-21 19:28:44,741 [WARN] PackLoader:240 - Cannot read IP mode file for STMicroelectronics.X-CUBE-FREERTOS.1.2.0
2024-05-21 19:28:44,745 [WARN] PackLoader:240 - Cannot read IP mode file for wolfSSL.I-CUBE-wolfSSL.5.6.6
2024-05-21 19:28:44,768 [WARN] PackLoader:240 - Cannot read IP mode file for STMicroelectronics.X-CUBE-AZRTOS-L5.2.0.0
2024-05-21 19:28:44,817 [WARN] PackLoader:240 - Cannot read IP mode file for STMicroelectronics.X-CUBE-MEMS1.9.6.0
2024-05-21 19:28:44,987 [INFO] WebApp:192 - Starting web application
2024-05-21 19:28:44,987 [INFO] WebApp:544 - Web application path used C:\ST\STM32CubeIDE_1.14.1\STM32CubeIDE\plugins\com.st.stm32cube.common.mx_6.11.0.202403141607\db\plugins\mcufinder\reactClient1\index.html
2024-05-21 19:28:45,038 [WARN] PackLoader:240 - Cannot read IP mode file for STMicroelectronics.X-CUBE-EEPRMA1.4.2.0
2024-05-21 19:28:45,049 [WARN] PackLoader:240 - Cannot read IP mode file for STMicroelectronics.X-CUBE-NFC6.3.1.0
2024-05-21 19:28:45,058 [WARN] PackLoader:240 - Cannot read IP mode file for ITTIA_DB.I-CUBE-ITTIADB.8.8.0
2024-05-21 19:28:45,096 [WARN] PackLoader:240 - Cannot read IP mode file for STMicroelectronics.X-CUBE-BLEMGR.2.0.0
2024-05-21 19:28:45,101 [WARN] PackLoader:240 - Cannot read IP mode file for STMicroelectronics.X-CUBE-AI.9.0.0
2024-05-21 19:28:45,122 [WARN] ConditionMgr:438 - getConditionDescription Invalid condition id : UX DEVICE CLASS RTOS Condition cause : null
2024-05-21 19:28:45,122 [WARN] ConditionMgr:438 - getConditionDescription Invalid condition id : UX DEVICE CLASS RTOS Condition cause : null
2024-05-21 19:28:45,127 [WARN] PackLoader:240 - Cannot read IP mode file for STMicroelectronics.X-CUBE-AZRTOS-H7.3.1.0
2024-05-21 19:28:45,129 [WARN] ConditionMgr:1039 - genDependencies : Invalid condition id : UX DEVICE CLASS RTOS Condition cause : null
2024-05-21 19:28:45,129 [WARN] ConditionMgr:1039 - genDependencies : Invalid condition id : UX DEVICE CLASS RTOS Condition cause : null
2024-05-21 19:28:45,130 [WARN] ConditionMgr:1039 - genDependencies : Invalid condition id : UX DEVICE CLASS RTOS Condition cause : null
2024-05-21 19:28:45,131 [WARN] ConditionMgr:1039 - genDependencies : Invalid condition id : UX DEVICE CLASS RTOS Condition cause : null
2024-05-21 19:28:45,131 [WARN] ConditionMgr:1039 - genDependencies : Invalid condition id : UX DEVICE CLASS RTOS Condition cause : null
2024-05-21 19:28:45,140 [WARN] PackLoader:240 - Cannot read IP mode file for STMicroelectronics.X-CUBE-NFC7.1.0.1
2024-05-21 19:28:45,149 [WARN] PackLoader:240 - Cannot read IP mode file for STMicroelectronics.X-CUBE-NFC6.3.0.0
2024-05-21 19:28:45,158 [WARN] PackLoader:240 - Cannot read IP mode file for STMicroelectronics.X-CUBE-EEPRMA1.4.1.0
2024-05-21 19:28:45,164 [WARN] PackLoader:240 - Cannot read IP mode file for STMicroelectronics.X-CUBE-AI.8.1.0
2024-05-21 19:28:45,182 [WARN] ConditionMgr:438 - getConditionDescription Invalid condition id : LAN8742 Phy interface Condition cause : null
2024-05-21 19:28:45,183 [WARN] PackLoader:240 - Cannot read IP mode file for STMicroelectronics.X-CUBE-AZRTOS-L4.2.0.0
2024-05-21 19:28:45,184 [WARN] ConditionMgr:1039 - genDependencies : Invalid condition id : LAN8742 Phy interface Condition cause : null
2024-05-21 19:28:45,184 [WARN] ConditionMgr:1039 - genDependencies : Invalid condition id : LAN8742 Phy interface Condition cause : null
2024-05-21 19:28:45,184 [WARN] ConditionMgr:1039 - genDependencies : Invalid condition id : LAN8742 Phy interface Condition cause : null
2024-05-21 19:28:45,238 [WARN] PackLoader:240 - Cannot read IP mode file for STMicroelectronics.X-CUBE-SFXS2LP1.4.0.0
2024-05-21 19:28:45,243 [WARN] PackLoader:240 - Cannot read IP mode file for STMicroelectronics.X-CUBE-ISPU.1.1.0
2024-05-21 19:28:45,259 [WARN] ConditionMgr:438 - getConditionDescription Invalid condition id : UX DEVICE CLASS RTOS Condition cause : null
2024-05-21 19:28:45,259 [WARN] ConditionMgr:438 - getConditionDescription Invalid condition id : UX DEVICE CLASS RTOS Condition cause : null
2024-05-21 19:28:45,261 [WARN] PackLoader:240 - Cannot read IP mode file for STMicroelectronics.X-CUBE-AZRTOS-WB.2.0.0
2024-05-21 19:28:45,261 [WARN] ConditionMgr:1039 - genDependencies : Invalid condition id : UX DEVICE CLASS RTOS Condition cause : null
2024-05-21 19:28:45,261 [WARN] ConditionMgr:1039 - genDependencies : Invalid condition id : UX DEVICE CLASS RTOS Condition cause : null
2024-05-21 19:28:45,261 [WARN] ConditionMgr:1039 - genDependencies : Invalid condition id : UX DEVICE CLASS RTOS Condition cause : null
2024-05-21 19:28:45,261 [WARN] ConditionMgr:1039 - genDependencies : Invalid condition id : UX DEVICE CLASS RTOS Condition cause : null
2024-05-21 19:28:45,263 [WARN] ConditionMgr:1039 - genDependencies : Invalid condition id : UX DEVICE CLASS RTOS Condition cause : null
2024-05-21 19:28:45,276 [WARN] PackLoader:240 - Cannot read IP mode file for STMicroelectronics.X-CUBE-SUBG2.5.0.0
2024-05-21 19:28:45,291 [WARN] PackLoader:240 - Cannot read IP mode file for STMicroelectronics.X-CUBE-TOF1.3.3.1
2024-05-21 19:28:45,315 [WARN] PackLoader:240 - Cannot read IP mode file for STMicroelectronics.X-CUBE-AZRTOS-G4.2.0.0
2024-05-21 19:28:45,332 [WARN] PackLoader:240 - Cannot read IP mode file for Infineon.AIROC-Wi-Fi-Bluetooth-STM32.1.5.1
2024-05-21 19:28:45,339 [WARN] PackLoader:240 - Cannot read IP mode file for STMicroelectronics.FP-SNS-MOTENVWB1.1.3.0
2024-05-21 19:28:45,344 [WARN] PackLoader:240 - Cannot read IP mode file for STMicroelectronics.FP-SNS-MOTENVWB1.1.3.1
2024-05-21 19:28:45,348 [WARN] PackLoader:240 - Cannot read IP mode file for STMicroelectronics.X-CUBE-ISPU.2.0.0
2024-05-21 19:28:45,393 [WARN] PackLoader:240 - Cannot read IP mode file for STMicroelectronics.X-CUBE-MEMS1.10.0.0
2024-05-21 19:28:45,544 [WARN] PackLoader:240 - Cannot read IP mode file for STMicroelectronics.X-CUBE-FREERTOS.1.1.0
2024-05-21 19:28:45,552 [WARN] PackLoader:240 - Cannot read IP mode file for portGmbH.I-Cube-SoM-uGOAL.1.1.0
2024-05-21 19:28:45,556 [WARN] PackLoader:240 - Cannot read IP mode file for STMicroelectronics.X-CUBE-ALS.1.0.1
2024-05-21 19:28:45,571 [WARN] PackLoader:240 - Cannot read IP mode file for STMicroelectronics.X-CUBE-AZRTOS-H7RS.1.0.0
2024-05-21 19:28:45,576 [WARN] PackLoader:240 - Cannot read IP mode file for STMicroelectronics.FP-ATR-ASTRA1.2.0.0
2024-05-21 19:28:45,584 [WARN] PackLoader:240 - Cannot read IP mode file for STMicroelectronics.X-CUBE-TOF1.3.4.0
2024-05-21 19:28:45,608 [WARN] PackLoader:240 - Cannot read IP mode file for STMicroelectronics.X-CUBE-TOF1.3.4.1
2024-05-21 19:28:45,637 [WARN] PackLoader:240 - Cannot read IP mode file for STMicroelectronics.X-CUBE-AZRTOS-H7.3.2.0
2024-05-21 19:28:45,641 [INFO] ThirdParty:978 - Integrity check success = true
2024-05-21 19:28:45,641 [INFO] IntegrityCheckThread:100 - exiting critical section [integrity check]
2024-05-21 19:28:45,642 [INFO] IntegrityCheckThread:103 - End integrity checks thread
2024-05-21 20:44:07,071 [ERROR] LogOutputStream:75 - [STDERR_REDIRECT] 
